2024-04-26 16:34:41 [main] INFO c.j.w.WarehouseManagementSystemApplication - Starting WarehouseManagementSystemApplication using Java 20.0.1 with PID 4048 (/Users/silva/Desktop/WarehouseManagementSystem/target/classes started by silva in /Users/silva/Desktop/WarehouseManagementSystem)
2024-04-26 16:34:41 [main] INFO c.j.w.WarehouseManagementSystemApplication - No active profile set, falling back to 1 default profile: "default"
2024-04-26 16:34:41 [main] INFO o.s.d.r.c.RepositoryConfigurationDelegate - Multiple Spring Data modules found, entering strict repository configuration mode
2024-04-26 16:34:41 [main] INFO o.s.d.r.c.RepositoryConfigurationDelegate - Bootstrapping Spring Data Redis repositories in DEFAULT mode.
2024-04-26 16:34:41 [main] INFO o.s.d.r.c.RepositoryConfigurationDelegate - Finished Spring Data repository scanning in 6 ms. Found 0 Redis repository interfaces.
2024-04-26 16:34:41 [main] INFO o.s.b.w.e.tomcat.TomcatWebServer - Tomcat initialized with port 8080 (http)
2024-04-26 16:34:41 [main] INFO o.a.coyote.http11.Http11NioProtocol - Initializing ProtocolHandler ["http-nio-8080"]
2024-04-26 16:34:41 [main] INFO o.a.catalina.core.StandardService - Starting service [Tomcat]
2024-04-26 16:34:41 [main] INFO o.a.catalina.core.StandardEngine - Starting Servlet engine: [Apache Tomcat/10.1.19]
2024-04-26 16:34:41 [main] INFO o.a.c.c.C.[Tomcat].[localhost].[/] - Initializing Spring embedded WebApplicationContext
2024-04-26 16:34:41 [main] INFO o.s.b.w.s.c.ServletWebServerApplicationContext - Root WebApplicationContext: initialization completed in 786 ms
2024-04-26 16:34:42 [main] INFO com.zaxxer.hikari.HikariDataSource - HikariPool-1 - Starting...
2024-04-26 16:34:42 [main] INFO com.zaxxer.hikari.pool.HikariPool - HikariPool-1 - Added connection com.mysql.cj.jdbc.ConnectionImpl@41e7a544
2024-04-26 16:34:42 [main] INFO com.zaxxer.hikari.HikariDataSource - HikariPool-1 - Start completed.
2024-04-26 16:34:43 [main] INFO o.s.s.w.DefaultSecurityFilterChain - Will secure any request with [org.springframework.security.web.session.DisableEncodeUrlFilter@1f1c7fde, org.springframework.security.web.context.request.async.WebAsyncManagerIntegrationFilter@2b409174, org.springframework.security.web.context.SecurityContextHolderFilter@10d97b64, org.springframework.security.web.header.HeaderWriterFilter@523f3c29, org.springframework.web.filter.CorsFilter@464aeb09, com.java.warehousemanagementsystem.config.filter.MyAuthenticationFilter@1a497286, org.springframework.security.web.savedrequest.RequestCacheAwareFilter@23cb8fcb, org.springframework.security.web.servletapi.SecurityContextHolderAwareRequestFilter@25a2f432, org.springframework.security.web.authentication.AnonymousAuthenticationFilter@11939a9f, org.springframework.security.web.session.SessionManagementFilter@2fe38b73, org.springframework.security.web.access.ExceptionTranslationFilter@153d14e3, org.springframework.security.web.access.intercept.AuthorizationFilter@2cd2c764]
2024-04-26 16:34:43 [main] INFO o.a.coyote.http11.Http11NioProtocol - Starting ProtocolHandler ["http-nio-8080"]
2024-04-26 16:34:43 [main] INFO o.s.b.w.e.tomcat.TomcatWebServer - Tomcat started on port 8080 (http) with context path ''
2024-04-26 16:34:43 [main] INFO c.j.w.WarehouseManagementSystemApplication - Started WarehouseManagementSystemApplication in 2.589 seconds (process running for 2.847)
2024-04-26 16:34:44 [http-nio-8080-exec-2] INFO o.a.c.c.C.[Tomcat].[localhost].[/] - Initializing Spring DispatcherServlet 'dispatcherServlet'
2024-04-26 16:34:44 [http-nio-8080-exec-2] INFO o.s.web.servlet.DispatcherServlet - Initializing Servlet 'dispatcherServlet'
2024-04-26 16:34:45 [http-nio-8080-exec-2] INFO o.s.web.servlet.DispatcherServlet - Completed initialization in 1 ms
2024-04-26 16:35:15 [SpringApplicationShutdownHook] INFO com.zaxxer.hikari.HikariDataSource - HikariPool-1 - Shutdown initiated...
2024-04-26 16:35:15 [SpringApplicationShutdownHook] INFO com.zaxxer.hikari.HikariDataSource - HikariPool-1 - Shutdown completed.
2024-04-26 16:35:17 [main] INFO c.j.w.WarehouseManagementSystemApplication - Starting WarehouseManagementSystemApplication using Java 20.0.1 with PID 4074 (/Users/silva/Desktop/WarehouseManagementSystem/target/classes started by silva in /Users/silva/Desktop/WarehouseManagementSystem)
2024-04-26 16:35:17 [main] INFO c.j.w.WarehouseManagementSystemApplication - No active profile set, falling back to 1 default profile: "default"
2024-04-26 16:35:17 [main] INFO o.s.d.r.c.RepositoryConfigurationDelegate - Multiple Spring Data modules found, entering strict repository configuration mode
2024-04-26 16:35:17 [main] INFO o.s.d.r.c.RepositoryConfigurationDelegate - Bootstrapping Spring Data Redis repositories in DEFAULT mode.
2024-04-26 16:35:17 [main] INFO o.s.d.r.c.RepositoryConfigurationDelegate - Finished Spring Data repository scanning in 5 ms. Found 0 Redis repository interfaces.
2024-04-26 16:35:17 [main] INFO o.s.b.w.e.tomcat.TomcatWebServer - Tomcat initialized with port 8080 (http)
2024-04-26 16:35:17 [main] INFO o.a.coyote.http11.Http11NioProtocol - Initializing ProtocolHandler ["http-nio-8080"]
2024-04-26 16:35:17 [main] INFO o.a.catalina.core.StandardService - Starting service [Tomcat]
2024-04-26 16:35:17 [main] INFO o.a.catalina.core.StandardEngine - Starting Servlet engine: [Apache Tomcat/10.1.19]
2024-04-26 16:35:17 [main] INFO o.a.c.c.C.[Tomcat].[localhost].[/] - Initializing Spring embedded WebApplicationContext
2024-04-26 16:35:17 [main] INFO o.s.b.w.s.c.ServletWebServerApplicationContext - Root WebApplicationContext: initialization completed in 752 ms
2024-04-26 16:35:18 [main] INFO com.zaxxer.hikari.HikariDataSource - HikariPool-1 - Starting...
2024-04-26 16:35:18 [main] INFO com.zaxxer.hikari.pool.HikariPool - HikariPool-1 - Added connection com.mysql.cj.jdbc.ConnectionImpl@2b1d1a5
2024-04-26 16:35:18 [main] INFO com.zaxxer.hikari.HikariDataSource - HikariPool-1 - Start completed.
2024-04-26 16:35:19 [main] INFO o.s.s.w.DefaultSecurityFilterChain - Will secure any request with [org.springframework.security.web.session.DisableEncodeUrlFilter@2b409174, org.springframework.security.web.context.request.async.WebAsyncManagerIntegrationFilter@11939a9f, org.springframework.security.web.context.SecurityContextHolderFilter@2352c21f, org.springframework.security.web.header.HeaderWriterFilter@2fd8b081, org.springframework.web.filter.CorsFilter@2c99c8d, com.java.warehousemanagementsystem.config.filter.MyAuthenticationFilter@48dff674, org.springframework.security.web.savedrequest.RequestCacheAwareFilter@25a2f432, org.springframework.security.web.servletapi.SecurityContextHolderAwareRequestFilter@7efba9b9, org.springframework.security.web.authentication.AnonymousAuthenticationFilter@229d508c, org.springframework.security.web.session.SessionManagementFilter@511a307e, org.springframework.security.web.access.ExceptionTranslationFilter@3b17759c, org.springframework.security.web.access.intercept.AuthorizationFilter@d17d554]
2024-04-26 16:35:19 [main] INFO o.a.coyote.http11.Http11NioProtocol - Starting ProtocolHandler ["http-nio-8080"]
2024-04-26 16:35:19 [main] INFO o.s.b.w.e.tomcat.TomcatWebServer - Tomcat started on port 8080 (http) with context path ''
2024-04-26 16:35:19 [main] INFO c.j.w.WarehouseManagementSystemApplication - Started WarehouseManagementSystemApplication in 2.711 seconds (process running for 2.971)
2024-04-26 16:35:20 [http-nio-8080-exec-1] INFO o.a.c.c.C.[Tomcat].[localhost].[/] - Initializing Spring DispatcherServlet 'dispatcherServlet'
2024-04-26 16:35:20 [http-nio-8080-exec-1] INFO o.s.web.servlet.DispatcherServlet - Initializing Servlet 'dispatcherServlet'
2024-04-26 16:35:20 [http-nio-8080-exec-1] INFO o.s.web.servlet.DispatcherServlet - Completed initialization in 1 ms
2024-04-26 16:36:41 [SpringApplicationShutdownHook] INFO com.zaxxer.hikari.HikariDataSource - HikariPool-1 - Shutdown initiated...
2024-04-26 16:36:41 [SpringApplicationShutdownHook] INFO com.zaxxer.hikari.HikariDataSource - HikariPool-1 - Shutdown completed.
2024-04-26 16:36:43 [main] INFO c.j.w.WarehouseManagementSystemApplication - Starting WarehouseManagementSystemApplication using Java 20.0.1 with PID 4089 (/Users/silva/Desktop/WarehouseManagementSystem/target/classes started by silva in /Users/silva/Desktop/WarehouseManagementSystem)
2024-04-26 16:36:43 [main] INFO c.j.w.WarehouseManagementSystemApplication - No active profile set, falling back to 1 default profile: "default"
2024-04-26 16:36:44 [main] INFO o.s.d.r.c.RepositoryConfigurationDelegate - Multiple Spring Data modules found, entering strict repository configuration mode
2024-04-26 16:36:44 [main] INFO o.s.d.r.c.RepositoryConfigurationDelegate - Bootstrapping Spring Data Redis repositories in DEFAULT mode.
2024-04-26 16:36:44 [main] INFO o.s.d.r.c.RepositoryConfigurationDelegate - Finished Spring Data repository scanning in 4 ms. Found 0 Redis repository interfaces.
2024-04-26 16:36:44 [main] INFO o.s.b.w.e.tomcat.TomcatWebServer - Tomcat initialized with port 8080 (http)
2024-04-26 16:36:44 [main] INFO o.a.coyote.http11.Http11NioProtocol - Initializing ProtocolHandler ["http-nio-8080"]
2024-04-26 16:36:44 [main] INFO o.a.catalina.core.StandardService - Starting service [Tomcat]
2024-04-26 16:36:44 [main] INFO o.a.catalina.core.StandardEngine - Starting Servlet engine: [Apache Tomcat/10.1.19]
2024-04-26 16:36:44 [main] INFO o.a.c.c.C.[Tomcat].[localhost].[/] - Initializing Spring embedded WebApplicationContext
2024-04-26 16:36:44 [main] INFO o.s.b.w.s.c.ServletWebServerApplicationContext - Root WebApplicationContext: initialization completed in 763 ms
2024-04-26 16:36:44 [main] INFO com.zaxxer.hikari.HikariDataSource - HikariPool-1 - Starting...
2024-04-26 16:36:45 [main] INFO com.zaxxer.hikari.pool.HikariPool - HikariPool-1 - Added connection com.mysql.cj.jdbc.ConnectionImpl@79445efb
2024-04-26 16:36:45 [main] INFO com.zaxxer.hikari.HikariDataSource - HikariPool-1 - Start completed.
2024-04-26 16:36:45 [main] INFO o.s.s.w.DefaultSecurityFilterChain - Will secure any request with [org.springframework.security.web.session.DisableEncodeUrlFilter@2b409174, org.springframework.security.web.context.request.async.WebAsyncManagerIntegrationFilter@11939a9f, org.springframework.security.web.context.SecurityContextHolderFilter@2352c21f, org.springframework.security.web.header.HeaderWriterFilter@2fd8b081, org.springframework.web.filter.CorsFilter@5cce40d7, com.java.warehousemanagementsystem.config.filter.MyAuthenticationFilter@1e721583, org.springframework.security.web.savedrequest.RequestCacheAwareFilter@25a2f432, org.springframework.security.web.servletapi.SecurityContextHolderAwareRequestFilter@7efba9b9, org.springframework.security.web.authentication.AnonymousAuthenticationFilter@229d508c, org.springframework.security.web.session.SessionManagementFilter@511a307e, org.springframework.security.web.access.ExceptionTranslationFilter@3b17759c, org.springframework.security.web.access.intercept.AuthorizationFilter@d17d554]
2024-04-26 16:36:46 [main] INFO o.a.coyote.http11.Http11NioProtocol - Starting ProtocolHandler ["http-nio-8080"]
2024-04-26 16:36:46 [main] INFO o.s.b.w.e.tomcat.TomcatWebServer - Tomcat started on port 8080 (http) with context path ''
2024-04-26 16:36:46 [main] INFO c.j.w.WarehouseManagementSystemApplication - Started WarehouseManagementSystemApplication in 2.625 seconds (process running for 2.946)
2024-04-26 16:36:46 [http-nio-8080-exec-1] INFO o.a.c.c.C.[Tomcat].[localhost].[/] - Initializing Spring DispatcherServlet 'dispatcherServlet'
2024-04-26 16:36:46 [http-nio-8080-exec-1] INFO o.s.web.servlet.DispatcherServlet - Initializing Servlet 'dispatcherServlet'
2024-04-26 16:36:46 [http-nio-8080-exec-1] INFO o.s.web.servlet.DispatcherServlet - Completed initialization in 1 ms
2024-04-26 16:36:58 [SpringApplicationShutdownHook] INFO com.zaxxer.hikari.HikariDataSource - HikariPool-1 - Shutdown initiated...
2024-04-26 16:36:58 [SpringApplicationShutdownHook] INFO com.zaxxer.hikari.HikariDataSource - HikariPool-1 - Shutdown completed.
2024-04-26 16:37:00 [main] INFO c.j.w.WarehouseManagementSystemApplication - Starting WarehouseManagementSystemApplication using Java 20.0.1 with PID 4102 (/Users/silva/Desktop/WarehouseManagementSystem/target/classes started by silva in /Users/silva/Desktop/WarehouseManagementSystem)
2024-04-26 16:37:00 [main] INFO c.j.w.WarehouseManagementSystemApplication - No active profile set, falling back to 1 default profile: "default"
2024-04-26 16:37:01 [main] INFO o.s.d.r.c.RepositoryConfigurationDelegate - Multiple Spring Data modules found, entering strict repository configuration mode
2024-04-26 16:37:01 [main] INFO o.s.d.r.c.RepositoryConfigurationDelegate - Bootstrapping Spring Data Redis repositories in DEFAULT mode.
2024-04-26 16:37:01 [main] INFO o.s.d.r.c.RepositoryConfigurationDelegate - Finished Spring Data repository scanning in 6 ms. Found 0 Redis repository interfaces.
2024-04-26 16:37:01 [main] INFO o.s.b.w.e.tomcat.TomcatWebServer - Tomcat initialized with port 8080 (http)
2024-04-26 16:37:01 [main] INFO o.a.coyote.http11.Http11NioProtocol - Initializing ProtocolHandler ["http-nio-8080"]
2024-04-26 16:37:01 [main] INFO o.a.catalina.core.StandardService - Starting service [Tomcat]
2024-04-26 16:37:01 [main] INFO o.a.catalina.core.StandardEngine - Starting Servlet engine: [Apache Tomcat/10.1.19]
2024-04-26 16:37:01 [main] INFO o.a.c.c.C.[Tomcat].[localhost].[/] - Initializing Spring embedded WebApplicationContext
2024-04-26 16:37:01 [main] INFO o.s.b.w.s.c.ServletWebServerApplicationContext - Root WebApplicationContext: initialization completed in 863 ms
2024-04-26 16:37:01 [main] INFO com.zaxxer.hikari.HikariDataSource - HikariPool-1 - Starting...
2024-04-26 16:37:02 [main] INFO com.zaxxer.hikari.pool.HikariPool - HikariPool-1 - Added connection com.mysql.cj.jdbc.ConnectionImpl@41a8f0d8
2024-04-26 16:37:02 [main] INFO com.zaxxer.hikari.HikariDataSource - HikariPool-1 - Start completed.
2024-04-26 16:37:02 [main] INFO o.s.s.w.DefaultSecurityFilterChain - Will secure any request with [org.springframework.security.web.session.DisableEncodeUrlFilter@71891d6b, org.springframework.security.web.context.request.async.WebAsyncManagerIntegrationFilter@5ce41f1f, org.springframework.security.web.context.SecurityContextHolderFilter@acea29e, org.springframework.security.web.header.HeaderWriterFilter@4c12f54a, org.springframework.web.filter.CorsFilter@91a2543, com.java.warehousemanagementsystem.config.filter.MyAuthenticationFilter@2755617b, org.springframework.security.web.savedrequest.RequestCacheAwareFilter@152dbf8e, org.springframework.security.web.servletapi.SecurityContextHolderAwareRequestFilter@34ea86ff, org.springframework.security.web.authentication.AnonymousAuthenticationFilter@56820446, org.springframework.security.web.session.SessionManagementFilter@42a7e7e1, org.springframework.security.web.access.ExceptionTranslationFilter@6bd28e4a, org.springframework.security.web.access.intercept.AuthorizationFilter@634d3439]
2024-04-26 16:37:03 [main] INFO o.a.coyote.http11.Http11NioProtocol - Starting ProtocolHandler ["http-nio-8080"]
2024-04-26 16:37:03 [main] INFO o.s.b.w.e.tomcat.TomcatWebServer - Tomcat started on port 8080 (http) with context path ''
2024-04-26 16:37:03 [main] INFO c.j.w.WarehouseManagementSystemApplication - Started WarehouseManagementSystemApplication in 2.754 seconds (process running for 3.469)
2024-04-26 16:37:08 [http-nio-8080-exec-1] INFO o.a.c.c.C.[Tomcat].[localhost].[/] - Initializing Spring DispatcherServlet 'dispatcherServlet'
2024-04-26 16:37:08 [http-nio-8080-exec-1] INFO o.s.web.servlet.DispatcherServlet - Initializing Servlet 'dispatcherServlet'
2024-04-26 16:37:08 [http-nio-8080-exec-1] INFO o.s.web.servlet.DispatcherServlet - Completed initialization in 1 ms
2024-04-26 16:37:13 [SpringApplicationShutdownHook] INFO com.zaxxer.hikari.HikariDataSource - HikariPool-1 - Shutdown initiated...
2024-04-26 16:37:14 [SpringApplicationShutdownHook] INFO com.zaxxer.hikari.HikariDataSource - HikariPool-1 - Shutdown completed.
2024-04-26 16:37:16 [main] INFO c.j.w.WarehouseManagementSystemApplication - Starting WarehouseManagementSystemApplication using Java 20.0.1 with PID 4107 (/Users/silva/Desktop/WarehouseManagementSystem/target/classes started by silva in /Users/silva/Desktop/WarehouseManagementSystem)
2024-04-26 16:37:16 [main] INFO c.j.w.WarehouseManagementSystemApplication - No active profile set, falling back to 1 default profile: "default"
2024-04-26 16:37:17 [main] INFO o.s.d.r.c.RepositoryConfigurationDelegate - Multiple Spring Data modules found, entering strict repository configuration mode
2024-04-26 16:37:17 [main] INFO o.s.d.r.c.RepositoryConfigurationDelegate - Bootstrapping Spring Data Redis repositories in DEFAULT mode.
2024-04-26 16:37:17 [main] INFO o.s.d.r.c.RepositoryConfigurationDelegate - Finished Spring Data repository scanning in 5 ms. Found 0 Redis repository interfaces.
2024-04-26 16:37:17 [main] INFO o.s.b.w.e.tomcat.TomcatWebServer - Tomcat initialized with port 8080 (http)
2024-04-26 16:37:17 [main] INFO o.a.coyote.http11.Http11NioProtocol - Initializing ProtocolHandler ["http-nio-8080"]
2024-04-26 16:37:17 [main] INFO o.a.catalina.core.StandardService - Starting service [Tomcat]
2024-04-26 16:37:17 [main] INFO o.a.catalina.core.StandardEngine - Starting Servlet engine: [Apache Tomcat/10.1.19]
2024-04-26 16:37:17 [main] INFO o.a.c.c.C.[Tomcat].[localhost].[/] - Initializing Spring embedded WebApplicationContext
2024-04-26 16:37:17 [main] INFO o.s.b.w.s.c.ServletWebServerApplicationContext - Root WebApplicationContext: initialization completed in 827 ms
2024-04-26 16:37:17 [main] INFO com.zaxxer.hikari.HikariDataSource - HikariPool-1 - Starting...
2024-04-26 16:37:18 [main] INFO com.zaxxer.hikari.pool.HikariPool - HikariPool-1 - Added connection com.mysql.cj.jdbc.ConnectionImpl@41a8f0d8
2024-04-26 16:37:18 [main] INFO com.zaxxer.hikari.HikariDataSource - HikariPool-1 - Start completed.
2024-04-26 16:37:19 [main] INFO o.s.s.w.DefaultSecurityFilterChain - Will secure any request with [org.springframework.security.web.session.DisableEncodeUrlFilter@1b82f62a, org.springframework.security.web.context.request.async.WebAsyncManagerIntegrationFilter@67e21ea2, org.springframework.security.web.context.SecurityContextHolderFilter@4bcf08ae, org.springframework.security.web.header.HeaderWriterFilter@554e9509, org.springframework.web.filter.CorsFilter@91a2543, com.java.warehousemanagementsystem.config.filter.MyAuthenticationFilter@2755617b, org.springframework.security.web.savedrequest.RequestCacheAwareFilter@1ac2829e, org.springframework.security.web.servletapi.SecurityContextHolderAwareRequestFilter@7a7f2247, org.springframework.security.web.authentication.AnonymousAuthenticationFilter@2184962c, org.springframework.security.web.session.SessionManagementFilter@772bc4c9, org.springframework.security.web.access.ExceptionTranslationFilter@334d825c, org.springframework.security.web.access.intercept.AuthorizationFilter@56820446]
2024-04-26 16:37:19 [main] INFO o.a.coyote.http11.Http11NioProtocol - Starting ProtocolHandler ["http-nio-8080"]
2024-04-26 16:37:19 [main] INFO o.s.b.w.e.tomcat.TomcatWebServer - Tomcat started on port 8080 (http) with context path ''
2024-04-26 16:37:19 [main] INFO c.j.w.WarehouseManagementSystemApplication - Started WarehouseManagementSystemApplication in 2.736 seconds (process running for 3.16)
2024-04-26 16:37:20 [http-nio-8080-exec-2] INFO o.a.c.c.C.[Tomcat].[localhost].[/] - Initializing Spring DispatcherServlet 'dispatcherServlet'
2024-04-26 16:37:20 [http-nio-8080-exec-2] INFO o.s.web.servlet.DispatcherServlet - Initializing Servlet 'dispatcherServlet'
2024-04-26 16:37:20 [http-nio-8080-exec-2] INFO o.s.web.servlet.DispatcherServlet - Completed initialization in 1 ms
2024-04-26 16:37:27 [SpringApplicationShutdownHook] INFO com.zaxxer.hikari.HikariDataSource - HikariPool-1 - Shutdown initiated...
2024-04-26 16:37:27 [SpringApplicationShutdownHook] INFO com.zaxxer.hikari.HikariDataSource - HikariPool-1 - Shutdown completed.
2024-04-26 16:37:41 [main] INFO c.j.w.WarehouseManagementSystemApplication - Starting WarehouseManagementSystemApplication using Java 20.0.1 with PID 4113 (/Users/silva/Desktop/WarehouseManagementSystem/target/classes started by silva in /Users/silva/Desktop/WarehouseManagementSystem)
2024-04-26 16:37:41 [main] INFO c.j.w.WarehouseManagementSystemApplication - No active profile set, falling back to 1 default profile: "default"
2024-04-26 16:37:42 [main] INFO o.s.d.r.c.RepositoryConfigurationDelegate - Multiple Spring Data modules found, entering strict repository configuration mode
2024-04-26 16:37:42 [main] INFO o.s.d.r.c.RepositoryConfigurationDelegate - Bootstrapping Spring Data Redis repositories in DEFAULT mode.
2024-04-26 16:37:42 [main] INFO o.s.d.r.c.RepositoryConfigurationDelegate - Finished Spring Data repository scanning in 5 ms. Found 0 Redis repository interfaces.
2024-04-26 16:37:42 [main] INFO o.s.b.w.e.tomcat.TomcatWebServer - Tomcat initialized with port 8080 (http)
2024-04-26 16:37:42 [main] INFO o.a.coyote.http11.Http11NioProtocol - Initializing ProtocolHandler ["http-nio-8080"]
2024-04-26 16:37:42 [main] INFO o.a.catalina.core.StandardService - Starting service [Tomcat]
2024-04-26 16:37:42 [main] INFO o.a.catalina.core.StandardEngine - Starting Servlet engine: [Apache Tomcat/10.1.19]
2024-04-26 16:37:42 [main] INFO o.a.c.c.C.[Tomcat].[localhost].[/] - Initializing Spring embedded WebApplicationContext
2024-04-26 16:37:42 [main] INFO o.s.b.w.s.c.ServletWebServerApplicationContext - Root WebApplicationContext: initialization completed in 816 ms
2024-04-26 16:37:43 [main] INFO com.zaxxer.hikari.HikariDataSource - HikariPool-1 - Starting...
2024-04-26 16:37:44 [main] INFO com.zaxxer.hikari.pool.HikariPool - HikariPool-1 - Added connection com.mysql.cj.jdbc.ConnectionImpl@2ca1e49a
2024-04-26 16:37:44 [main] INFO com.zaxxer.hikari.HikariDataSource - HikariPool-1 - Start completed.
2024-04-26 16:37:45 [main] INFO o.s.s.w.DefaultSecurityFilterChain - Will secure any request with [org.springframework.security.web.session.DisableEncodeUrlFilter@36c45149, org.springframework.security.web.context.request.async.WebAsyncManagerIntegrationFilter@33f4844b, org.springframework.security.web.context.SecurityContextHolderFilter@77972964, org.springframework.security.web.header.HeaderWriterFilter@4bcf08ae, org.springframework.web.filter.CorsFilter@5fb7ab9c, com.java.warehousemanagementsystem.config.filter.MyAuthenticationFilter@6009cd34, org.springframework.security.web.savedrequest.RequestCacheAwareFilter@7aa1fb0e, org.springframework.security.web.servletapi.SecurityContextHolderAwareRequestFilter@5e663ab, org.springframework.security.web.authentication.AnonymousAuthenticationFilter@201b52f7, org.springframework.security.web.session.SessionManagementFilter@1ac2829e, org.springframework.security.web.access.ExceptionTranslationFilter@772bc4c9, org.springframework.security.web.access.intercept.AuthorizationFilter@4d9bccfe]
2024-04-26 16:37:46 [main] INFO o.a.coyote.http11.Http11NioProtocol - Starting ProtocolHandler ["http-nio-8080"]
2024-04-26 16:37:46 [main] INFO o.s.b.w.e.tomcat.TomcatWebServer - Tomcat started on port 8080 (http) with context path ''
2024-04-26 16:37:46 [main] INFO c.j.w.WarehouseManagementSystemApplication - Started WarehouseManagementSystemApplication in 4.675 seconds (process running for 5.045)
2024-04-26 16:37:47 [http-nio-8080-exec-2] INFO o.a.c.c.C.[Tomcat].[localhost].[/] - Initializing Spring DispatcherServlet 'dispatcherServlet'
2024-04-26 16:37:47 [http-nio-8080-exec-2] INFO o.s.web.servlet.DispatcherServlet - Initializing Servlet 'dispatcherServlet'
2024-04-26 16:37:47 [http-nio-8080-exec-2] INFO o.s.web.servlet.DispatcherServlet - Completed initialization in 1 ms
2024-04-26 16:46:08 [HikariPool-1 housekeeper] WARN com.zaxxer.hikari.pool.HikariPool - HikariPool-1 - Thread starvation or clock leap detected (housekeeper delta=7m52s140ms).
2024-04-26 16:46:09 [http-nio-8080-exec-2] ERROR c.j.w.h.GlobalExceptionHandler - 出现了异常! {}
org.springframework.web.context.request.async.AsyncRequestNotUsableException: ServletOutputStream failed to flush: java.nio.channels.ClosedChannelException
	at org.springframework.web.context.request.async.StandardServletAsyncWebRequest$LifecycleHttpServletResponse.handleIOException(StandardServletAsyncWebRequest.java:320)
	at org.springframework.web.context.request.async.StandardServletAsyncWebRequest$LifecycleServletOutputStream.flush(StandardServletAsyncWebRequest.java:392)
	at java.base/java.io.FilterOutputStream.flush(FilterOutputStream.java:154)
	at com.fasterxml.jackson.core.json.UTF8JsonGenerator.flush(UTF8JsonGenerator.java:1207)
	at com.fasterxml.jackson.databind.ObjectWriter.writeValue(ObjectWriter.java:1063)
	at org.springframework.http.converter.json.AbstractJackson2HttpMessageConverter.writeInternal(AbstractJackson2HttpMessageConverter.java:483)
	at org.springframework.http.converter.AbstractGenericHttpMessageConverter.write(AbstractGenericHttpMessageConverter.java:114)
	at org.springframework.web.servlet.mvc.method.annotation.AbstractMessageConverterMethodProcessor.writeWithMessageConverters(AbstractMessageConverterMethodProcessor.java:297)
	at org.springframework.web.servlet.mvc.method.annotation.HttpEntityMethodProcessor.handleReturnValue(HttpEntityMethodProcessor.java:245)
	at org.springframework.web.method.support.HandlerMethodReturnValueHandlerComposite.handleReturnValue(HandlerMethodReturnValueHandlerComposite.java:78)
	at org.springframework.web.servlet.mvc.method.annotation.ServletInvocableHandlerMethod.invokeAndHandle(ServletInvocableHandlerMethod.java:136)
	at org.springframework.web.servlet.mvc.method.annotation.RequestMappingHandlerAdapter.invokeHandlerMethod(RequestMappingHandlerAdapter.java:925)
	at org.springframework.web.servlet.mvc.method.annotation.RequestMappingHandlerAdapter.handleInternal(RequestMappingHandlerAdapter.java:830)
	at org.springframework.web.servlet.mvc.method.AbstractHandlerMethodAdapter.handle(AbstractHandlerMethodAdapter.java:87)
	at org.springframework.web.servlet.DispatcherServlet.doDispatch(DispatcherServlet.java:1089)
	at org.springframework.web.servlet.DispatcherServlet.doService(DispatcherServlet.java:979)
	at org.springframework.web.servlet.FrameworkServlet.processRequest(FrameworkServlet.java:1014)
	at org.springframework.web.servlet.FrameworkServlet.doPost(FrameworkServlet.java:914)
	at jakarta.servlet.http.HttpServlet.service(HttpServlet.java:590)
	at org.springframework.web.servlet.FrameworkServlet.service(FrameworkServlet.java:885)
	at jakarta.servlet.http.HttpServlet.service(HttpServlet.java:658)
	at org.apache.catalina.core.ApplicationFilterChain.internalDoFilter(ApplicationFilterChain.java:205)
	at org.apache.catalina.core.ApplicationFilterChain.doFilter(ApplicationFilterChain.java:149)
	at org.springframework.web.filter.OncePerRequestFilter.doFilter(OncePerRequestFilter.java:101)
	at org.apache.catalina.core.ApplicationFilterChain.internalDoFilter(ApplicationFilterChain.java:174)
	at org.apache.catalina.core.ApplicationFilterChain.doFilter(ApplicationFilterChain.java:149)
	at org.springframework.web.filter.OncePerRequestFilter.doFilter(OncePerRequestFilter.java:101)
	at org.apache.catalina.core.ApplicationFilterChain.internalDoFilter(ApplicationFilterChain.java:174)
	at org.apache.catalina.core.ApplicationFilterChain.doFilter(ApplicationFilterChain.java:149)
	at org.springframework.web.filter.CompositeFilter$VirtualFilterChain.doFilter(CompositeFilter.java:108)
	at org.springframework.security.web.FilterChainProxy.lambda$doFilterInternal$3(FilterChainProxy.java:231)
	at org.springframework.security.web.FilterChainProxy$VirtualFilterChain.doFilter(FilterChainProxy.java:365)
	at org.springframework.security.web.access.intercept.AuthorizationFilter.doFilter(AuthorizationFilter.java:100)
	at org.springframework.security.web.FilterChainProxy$VirtualFilterChain.doFilter(FilterChainProxy.java:374)
	at org.springframework.security.web.access.ExceptionTranslationFilter.doFilter(ExceptionTranslationFilter.java:126)
	at org.springframework.security.web.access.ExceptionTranslationFilter.doFilter(ExceptionTranslationFilter.java:120)
	at org.springframework.security.web.FilterChainProxy$VirtualFilterChain.doFilter(FilterChainProxy.java:374)
	at org.springframework.security.web.session.SessionManagementFilter.doFilter(SessionManagementFilter.java:91)
	at org.springframework.security.web.session.SessionManagementFilter.doFilter(SessionManagementFilter.java:85)
	at org.springframework.security.web.FilterChainProxy$VirtualFilterChain.doFilter(FilterChainProxy.java:374)
	at org.springframework.security.web.authentication.AnonymousAuthenticationFilter.doFilter(AnonymousAuthenticationFilter.java:100)
	at org.springframework.security.web.FilterChainProxy$VirtualFilterChain.doFilter(FilterChainProxy.java:374)
	at org.springframework.security.web.servletapi.SecurityContextHolderAwareRequestFilter.doFilter(SecurityContextHolderAwareRequestFilter.java:179)
	at org.springframework.security.web.FilterChainProxy$VirtualFilterChain.doFilter(FilterChainProxy.java:374)
	at org.springframework.security.web.savedrequest.RequestCacheAwareFilter.doFilter(RequestCacheAwareFilter.java:63)
	at org.springframework.security.web.FilterChainProxy$VirtualFilterChain.doFilter(FilterChainProxy.java:374)
	at org.springframework.web.filter.OncePerRequestFilter.doFilter(OncePerRequestFilter.java:101)
	at org.springframework.security.web.FilterChainProxy$VirtualFilterChain.doFilter(FilterChainProxy.java:374)
	at org.springframework.web.filter.OncePerRequestFilter.doFilter(OncePerRequestFilter.java:101)
	at org.springframework.security.web.FilterChainProxy$VirtualFilterChain.doFilter(FilterChainProxy.java:374)
	at org.springframework.web.filter.OncePerRequestFilter.doFilter(OncePerRequestFilter.java:101)
	at org.springframework.security.web.FilterChainProxy$VirtualFilterChain.doFilter(FilterChainProxy.java:374)
	at org.springframework.security.web.context.SecurityContextHolderFilter.doFilter(SecurityContextHolderFilter.java:82)
	at org.springframework.security.web.context.SecurityContextHolderFilter.doFilter(SecurityContextHolderFilter.java:69)
	at org.springframework.security.web.FilterChainProxy$VirtualFilterChain.doFilter(FilterChainProxy.java:374)
	at org.springframework.web.filter.OncePerRequestFilter.doFilter(OncePerRequestFilter.java:101)
	at org.springframework.security.web.FilterChainProxy$VirtualFilterChain.doFilter(FilterChainProxy.java:374)
	at org.springframework.web.filter.OncePerRequestFilter.doFilter(OncePerRequestFilter.java:101)
	at org.springframework.security.web.FilterChainProxy$VirtualFilterChain.doFilter(FilterChainProxy.java:374)
	at org.springframework.security.web.FilterChainProxy.doFilterInternal(FilterChainProxy.java:233)
	at org.springframework.security.web.FilterChainProxy.doFilter(FilterChainProxy.java:191)
	at org.springframework.web.filter.CompositeFilter$VirtualFilterChain.doFilter(CompositeFilter.java:113)
	at org.springframework.web.servlet.handler.HandlerMappingIntrospector.lambda$createCacheFilter$3(HandlerMappingIntrospector.java:195)
	at org.springframework.web.filter.CompositeFilter$VirtualFilterChain.doFilter(CompositeFilter.java:113)
	at org.springframework.web.filter.CompositeFilter.doFilter(CompositeFilter.java:74)
	at org.springframework.security.config.annotation.web.configuration.WebMvcSecurityConfiguration$CompositeFilterChainProxy.doFilter(WebMvcSecurityConfiguration.java:230)
	at org.springframework.web.filter.DelegatingFilterProxy.invokeDelegate(DelegatingFilterProxy.java:352)
	at org.springframework.web.filter.DelegatingFilterProxy.doFilter(DelegatingFilterProxy.java:268)
	at org.apache.catalina.core.ApplicationFilterChain.internalDoFilter(ApplicationFilterChain.java:174)
	at org.apache.catalina.core.ApplicationFilterChain.doFilter(ApplicationFilterChain.java:149)
	at org.springframework.web.filter.RequestContextFilter.doFilterInternal(RequestContextFilter.java:100)
	at org.springframework.web.filter.OncePerRequestFilter.doFilter(OncePerRequestFilter.java:116)
	at org.apache.catalina.core.ApplicationFilterChain.internalDoFilter(ApplicationFilterChain.java:174)
	at org.apache.catalina.core.ApplicationFilterChain.doFilter(ApplicationFilterChain.java:149)
	at org.springframework.web.filter.OncePerRequestFilter.doFilter(OncePerRequestFilter.java:101)
	at org.apache.catalina.core.ApplicationFilterChain.internalDoFilter(ApplicationFilterChain.java:174)
	at org.apache.catalina.core.ApplicationFilterChain.doFilter(ApplicationFilterChain.java:149)
	at org.springframework.web.filter.OncePerRequestFilter.doFilter(OncePerRequestFilter.java:101)
	at org.apache.catalina.core.ApplicationFilterChain.internalDoFilter(ApplicationFilterChain.java:174)
	at org.apache.catalina.core.ApplicationFilterChain.doFilter(ApplicationFilterChain.java:149)
	at org.apache.catalina.core.ApplicationDispatcher.invoke(ApplicationDispatcher.java:642)
	at org.apache.catalina.core.ApplicationDispatcher.processRequest(ApplicationDispatcher.java:410)
	at org.apache.catalina.core.ApplicationDispatcher.doForward(ApplicationDispatcher.java:340)
	at org.apache.catalina.core.ApplicationDispatcher.forward(ApplicationDispatcher.java:277)
	at org.apache.catalina.core.StandardHostValve.custom(StandardHostValve.java:362)
	at org.apache.catalina.core.StandardHostValve.status(StandardHostValve.java:222)
	at org.apache.catalina.core.StandardHostValve.invoke(StandardHostValve.java:151)
	at org.apache.catalina.valves.ErrorReportValve.invoke(ErrorReportValve.java:93)
	at org.apache.catalina.core.StandardEngineValve.invoke(StandardEngineValve.java:74)
	at org.apache.catalina.connector.CoyoteAdapter.service(CoyoteAdapter.java:344)
	at org.apache.coyote.http11.Http11Processor.service(Http11Processor.java:391)
	at org.apache.coyote.AbstractProcessorLight.process(AbstractProcessorLight.java:63)
	at org.apache.coyote.AbstractProtocol$ConnectionHandler.process(AbstractProtocol.java:896)
	at org.apache.tomcat.util.net.NioEndpoint$SocketProcessor.doRun(NioEndpoint.java:1744)
	at org.apache.tomcat.util.net.SocketProcessorBase.run(SocketProcessorBase.java:52)
	at org.apache.tomcat.util.threads.ThreadPoolExecutor.runWorker(ThreadPoolExecutor.java:1191)
	at org.apache.tomcat.util.threads.ThreadPoolExecutor$Worker.run(ThreadPoolExecutor.java:659)
	at org.apache.tomcat.util.threads.TaskThread$WrappingRunnable.run(TaskThread.java:63)
	at java.base/java.lang.Thread.run(Thread.java:1623)
Caused by: org.apache.catalina.connector.ClientAbortException: java.nio.channels.ClosedChannelException
	at org.apache.catalina.connector.OutputBuffer.realWriteBytes(OutputBuffer.java:344)
	at org.apache.catalina.connector.OutputBuffer.flushByteBuffer(OutputBuffer.java:773)
	at org.apache.catalina.connector.OutputBuffer.doFlush(OutputBuffer.java:294)
	at org.apache.catalina.connector.OutputBuffer.flush(OutputBuffer.java:267)
	at org.apache.catalina.connector.CoyoteOutputStream.flush(CoyoteOutputStream.java:120)
	at org.springframework.web.context.request.async.StandardServletAsyncWebRequest$LifecycleServletOutputStream.flush(StandardServletAsyncWebRequest.java:389)
	... 97 common frames omitted
Caused by: java.nio.channels.ClosedChannelException: null
	at org.apache.tomcat.util.net.NioEndpoint$NioSocketWrapper.doWrite(NioEndpoint.java:1346)
	at org.apache.tomcat.util.net.SocketWrapperBase.doWrite(SocketWrapperBase.java:764)
	at org.apache.tomcat.util.net.SocketWrapperBase.writeBlocking(SocketWrapperBase.java:589)
	at org.apache.tomcat.util.net.SocketWrapperBase.write(SocketWrapperBase.java:533)
	at org.apache.coyote.http11.Http11OutputBuffer$SocketOutputBuffer.doWrite(Http11OutputBuffer.java:540)
	at org.apache.coyote.http11.filters.ChunkedOutputFilter.doWrite(ChunkedOutputFilter.java:110)
	at org.apache.coyote.http11.Http11OutputBuffer.doWrite(Http11OutputBuffer.java:193)
	at org.apache.coyote.Response.doWrite(Response.java:616)
	at org.apache.catalina.connector.OutputBuffer.realWriteBytes(OutputBuffer.java:331)
	... 102 common frames omitted
2024-04-26 16:46:09 [SpringApplicationShutdownHook] INFO com.zaxxer.hikari.HikariDataSource - HikariPool-1 - Shutdown initiated...
2024-04-26 16:46:09 [SpringApplicationShutdownHook] INFO com.zaxxer.hikari.HikariDataSource - HikariPool-1 - Shutdown completed.
2024-04-26 16:46:11 [main] INFO c.j.w.WarehouseManagementSystemApplication - Starting WarehouseManagementSystemApplication using Java 20.0.1 with PID 4192 (/Users/silva/Desktop/WarehouseManagementSystem/target/classes started by silva in /Users/silva/Desktop/WarehouseManagementSystem)
2024-04-26 16:46:11 [main] INFO c.j.w.WarehouseManagementSystemApplication - No active profile set, falling back to 1 default profile: "default"
2024-04-26 16:46:12 [main] INFO o.s.d.r.c.RepositoryConfigurationDelegate - Multiple Spring Data modules found, entering strict repository configuration mode
2024-04-26 16:46:12 [main] INFO o.s.d.r.c.RepositoryConfigurationDelegate - Bootstrapping Spring Data Redis repositories in DEFAULT mode.
2024-04-26 16:46:12 [main] INFO o.s.d.r.c.RepositoryConfigurationDelegate - Finished Spring Data repository scanning in 5 ms. Found 0 Redis repository interfaces.
2024-04-26 16:46:12 [main] INFO o.s.b.w.e.tomcat.TomcatWebServer - Tomcat initialized with port 8080 (http)
2024-04-26 16:46:12 [main] INFO o.a.coyote.http11.Http11NioProtocol - Initializing ProtocolHandler ["http-nio-8080"]
2024-04-26 16:46:12 [main] INFO o.a.catalina.core.StandardService - Starting service [Tomcat]
2024-04-26 16:46:12 [main] INFO o.a.catalina.core.StandardEngine - Starting Servlet engine: [Apache Tomcat/10.1.19]
2024-04-26 16:46:12 [main] INFO o.a.c.c.C.[Tomcat].[localhost].[/] - Initializing Spring embedded WebApplicationContext
2024-04-26 16:46:12 [main] INFO o.s.b.w.s.c.ServletWebServerApplicationContext - Root WebApplicationContext: initialization completed in 836 ms
2024-04-26 16:46:13 [main] INFO com.zaxxer.hikari.HikariDataSource - HikariPool-1 - Starting...
2024-04-26 16:46:14 [main] INFO com.zaxxer.hikari.pool.HikariPool - HikariPool-1 - Added connection com.mysql.cj.jdbc.ConnectionImpl@48d31d25
2024-04-26 16:46:14 [main] INFO com.zaxxer.hikari.HikariDataSource - HikariPool-1 - Start completed.
2024-04-26 16:46:15 [main] INFO o.s.s.w.DefaultSecurityFilterChain - Will secure any request with [org.springframework.security.web.session.DisableEncodeUrlFilter@351d726c, org.springframework.security.web.context.request.async.WebAsyncManagerIntegrationFilter@7af0693b, org.springframework.security.web.context.SecurityContextHolderFilter@71891d6b, org.springframework.security.web.header.HeaderWriterFilter@4e25282d, org.springframework.web.filter.CorsFilter@4899799b, com.java.warehousemanagementsystem.config.filter.MyAuthenticationFilter@563317c1, org.springframework.security.web.savedrequest.RequestCacheAwareFilter@56820446, org.springframework.security.web.servletapi.SecurityContextHolderAwareRequestFilter@2259d54f, org.springframework.security.web.authentication.AnonymousAuthenticationFilter@1791396b, org.springframework.security.web.session.SessionManagementFilter@d641499, org.springframework.security.web.access.ExceptionTranslationFilter@7aa1fb0e, org.springframework.security.web.access.intercept.AuthorizationFilter@7c523bdd]
2024-04-26 16:46:15 [main] INFO o.a.coyote.http11.Http11NioProtocol - Starting ProtocolHandler ["http-nio-8080"]
2024-04-26 16:46:16 [main] INFO o.s.b.w.e.tomcat.TomcatWebServer - Tomcat started on port 8080 (http) with context path ''
2024-04-26 16:46:16 [main] INFO c.j.w.WarehouseManagementSystemApplication - Started WarehouseManagementSystemApplication in 4.374 seconds (process running for 4.764)
2024-04-26 16:46:41 [http-nio-8080-exec-2] INFO o.a.c.c.C.[Tomcat].[localhost].[/] - Initializing Spring DispatcherServlet 'dispatcherServlet'
2024-04-26 16:46:41 [http-nio-8080-exec-2] INFO o.s.web.servlet.DispatcherServlet - Initializing Servlet 'dispatcherServlet'
2024-04-26 16:46:41 [http-nio-8080-exec-2] INFO o.s.web.servlet.DispatcherServlet - Completed initialization in 2 ms
2024-04-26 16:47:04 [http-nio-8080-exec-2] INFO c.j.w.aspect.CacheLoggingAspect - version: 1
2024-04-26 16:47:05 [http-nio-8080-exec-2] INFO c.j.w.aspect.CacheLoggingAspect - user version: 1
2024-04-26 16:47:42 [http-nio-8080-exec-3] INFO c.j.w.aspect.CacheLoggingAspect - version: 1
2024-04-26 16:47:42 [http-nio-8080-exec-3] INFO c.j.w.aspect.CacheLoggingAspect - user version: 1
2024-04-26 16:47:56 [http-nio-8080-exec-4] INFO c.j.w.aspect.CacheLoggingAspect - version: 1
2024-04-26 16:47:57 [http-nio-8080-exec-4] INFO c.j.w.aspect.CacheLoggingAspect - user version: 1
2024-04-26 16:48:02 [SpringApplicationShutdownHook] INFO com.zaxxer.hikari.HikariDataSource - HikariPool-1 - Shutdown initiated...
2024-04-26 16:48:02 [SpringApplicationShutdownHook] INFO com.zaxxer.hikari.HikariDataSource - HikariPool-1 - Shutdown completed.
2024-04-26 16:48:05 [main] INFO c.j.w.WarehouseManagementSystemApplication - Starting WarehouseManagementSystemApplication using Java 20.0.1 with PID 4204 (/Users/silva/Desktop/WarehouseManagementSystem/target/classes started by silva in /Users/silva/Desktop/WarehouseManagementSystem)
2024-04-26 16:48:05 [main] INFO c.j.w.WarehouseManagementSystemApplication - No active profile set, falling back to 1 default profile: "default"
2024-04-26 16:48:05 [main] INFO o.s.d.r.c.RepositoryConfigurationDelegate - Multiple Spring Data modules found, entering strict repository configuration mode
2024-04-26 16:48:05 [main] INFO o.s.d.r.c.RepositoryConfigurationDelegate - Bootstrapping Spring Data Redis repositories in DEFAULT mode.
2024-04-26 16:48:05 [main] INFO o.s.d.r.c.RepositoryConfigurationDelegate - Finished Spring Data repository scanning in 5 ms. Found 0 Redis repository interfaces.
2024-04-26 16:48:06 [main] INFO o.s.b.w.e.tomcat.TomcatWebServer - Tomcat initialized with port 8080 (http)
2024-04-26 16:48:06 [main] INFO o.a.coyote.http11.Http11NioProtocol - Initializing ProtocolHandler ["http-nio-8080"]
2024-04-26 16:48:06 [main] INFO o.a.catalina.core.StandardService - Starting service [Tomcat]
2024-04-26 16:48:06 [main] INFO o.a.catalina.core.StandardEngine - Starting Servlet engine: [Apache Tomcat/10.1.19]
2024-04-26 16:48:06 [main] INFO o.a.c.c.C.[Tomcat].[localhost].[/] - Initializing Spring embedded WebApplicationContext
2024-04-26 16:48:06 [main] INFO o.s.b.w.s.c.ServletWebServerApplicationContext - Root WebApplicationContext: initialization completed in 880 ms
2024-04-26 16:48:06 [main] INFO com.zaxxer.hikari.HikariDataSource - HikariPool-1 - Starting...
2024-04-26 16:48:07 [main] INFO com.zaxxer.hikari.pool.HikariPool - HikariPool-1 - Added connection com.mysql.cj.jdbc.ConnectionImpl@ca10069
2024-04-26 16:48:07 [main] INFO com.zaxxer.hikari.HikariDataSource - HikariPool-1 - Start completed.
2024-04-26 16:48:08 [main] INFO o.s.s.w.DefaultSecurityFilterChain - Will secure any request with [org.springframework.security.web.session.DisableEncodeUrlFilter@71891d6b, org.springframework.security.web.context.request.async.WebAsyncManagerIntegrationFilter@5ce41f1f, org.springframework.security.web.context.SecurityContextHolderFilter@acea29e, org.springframework.security.web.header.HeaderWriterFilter@4c12f54a, org.springframework.web.filter.CorsFilter@5e5a8718, com.java.warehousemanagementsystem.config.filter.MyAuthenticationFilter@2d4fb0d8, org.springframework.security.web.savedrequest.RequestCacheAwareFilter@152dbf8e, org.springframework.security.web.servletapi.SecurityContextHolderAwareRequestFilter@34ea86ff, org.springframework.security.web.authentication.AnonymousAuthenticationFilter@56820446, org.springframework.security.web.session.SessionManagementFilter@42a7e7e1, org.springframework.security.web.access.ExceptionTranslationFilter@6bd28e4a, org.springframework.security.web.access.intercept.AuthorizationFilter@634d3439]
2024-04-26 16:48:09 [main] INFO o.a.coyote.http11.Http11NioProtocol - Starting ProtocolHandler ["http-nio-8080"]
2024-04-26 16:48:09 [main] INFO o.s.b.w.e.tomcat.TomcatWebServer - Tomcat started on port 8080 (http) with context path ''
2024-04-26 16:48:09 [main] INFO c.j.w.WarehouseManagementSystemApplication - Started WarehouseManagementSystemApplication in 4.203 seconds (process running for 4.571)
2024-04-26 16:48:09 [http-nio-8080-exec-2] INFO o.a.c.c.C.[Tomcat].[localhost].[/] - Initializing Spring DispatcherServlet 'dispatcherServlet'
2024-04-26 16:48:09 [http-nio-8080-exec-2] INFO o.s.web.servlet.DispatcherServlet - Initializing Servlet 'dispatcherServlet'
2024-04-26 16:48:09 [http-nio-8080-exec-2] INFO o.s.web.servlet.DispatcherServlet - Completed initialization in 1 ms
2024-04-26 16:48:39 [http-nio-8080-exec-3] INFO c.j.w.aspect.CacheLoggingAspect - version: 1
2024-04-26 16:48:39 [http-nio-8080-exec-3] INFO c.j.w.aspect.CacheLoggingAspect - user version: 1
2024-04-26 16:56:41 [SpringApplicationShutdownHook] INFO com.zaxxer.hikari.HikariDataSource - HikariPool-1 - Shutdown initiated...
2024-04-26 16:56:41 [SpringApplicationShutdownHook] INFO com.zaxxer.hikari.HikariDataSource - HikariPool-1 - Shutdown completed.
2024-04-26 16:56:44 [main] INFO c.j.w.WarehouseManagementSystemApplication - Starting WarehouseManagementSystemApplication using Java 20.0.1 with PID 4266 (/Users/silva/Desktop/WarehouseManagementSystem/target/classes started by silva in /Users/silva/Desktop/WarehouseManagementSystem)
2024-04-26 16:56:44 [main] INFO c.j.w.WarehouseManagementSystemApplication - No active profile set, falling back to 1 default profile: "default"
2024-04-26 16:56:44 [main] INFO o.s.d.r.c.RepositoryConfigurationDelegate - Multiple Spring Data modules found, entering strict repository configuration mode
2024-04-26 16:56:44 [main] INFO o.s.d.r.c.RepositoryConfigurationDelegate - Bootstrapping Spring Data Redis repositories in DEFAULT mode.
2024-04-26 16:56:44 [main] INFO o.s.d.r.c.RepositoryConfigurationDelegate - Finished Spring Data repository scanning in 5 ms. Found 0 Redis repository interfaces.
2024-04-26 16:56:45 [main] INFO o.s.b.w.e.tomcat.TomcatWebServer - Tomcat initialized with port 8080 (http)
2024-04-26 16:56:45 [main] INFO o.a.coyote.http11.Http11NioProtocol - Initializing ProtocolHandler ["http-nio-8080"]
2024-04-26 16:56:45 [main] INFO o.a.catalina.core.StandardService - Starting service [Tomcat]
2024-04-26 16:56:45 [main] INFO o.a.catalina.core.StandardEngine - Starting Servlet engine: [Apache Tomcat/10.1.19]
2024-04-26 16:56:45 [main] INFO o.a.c.c.C.[Tomcat].[localhost].[/] - Initializing Spring embedded WebApplicationContext
2024-04-26 16:56:45 [main] INFO o.s.b.w.s.c.ServletWebServerApplicationContext - Root WebApplicationContext: initialization completed in 824 ms
2024-04-26 16:56:45 [main] INFO com.zaxxer.hikari.HikariDataSource - HikariPool-1 - Starting...
2024-04-26 16:56:45 [main] INFO com.zaxxer.hikari.pool.HikariPool - HikariPool-1 - Added connection com.mysql.cj.jdbc.ConnectionImpl@ad5cffa
2024-04-26 16:56:45 [main] INFO com.zaxxer.hikari.HikariDataSource - HikariPool-1 - Start completed.
2024-04-26 16:56:46 [main] INFO o.s.s.w.DefaultSecurityFilterChain - Will secure any request with [org.springframework.security.web.session.DisableEncodeUrlFilter@2352c21f, org.springframework.security.web.context.request.async.WebAsyncManagerIntegrationFilter@23cb8fcb, org.springframework.security.web.context.SecurityContextHolderFilter@3a44993c, org.springframework.security.web.header.HeaderWriterFilter@6c2e7591, org.springframework.web.filter.CorsFilter@1689527c, com.java.warehousemanagementsystem.config.filter.MyAuthenticationFilter@9281d19, org.springframework.security.web.savedrequest.RequestCacheAwareFilter@27605b87, org.springframework.security.web.servletapi.SecurityContextHolderAwareRequestFilter@1fc4483f, org.springframework.security.web.authentication.AnonymousAuthenticationFilter@25a2f432, org.springframework.security.web.session.SessionManagementFilter@3dad8bde, org.springframework.security.web.access.ExceptionTranslationFilter@3f6a9ba0, org.springframework.security.web.access.intercept.AuthorizationFilter@7aef8000]
2024-04-26 16:56:46 [main] INFO o.a.coyote.http11.Http11NioProtocol - Starting ProtocolHandler ["http-nio-8080"]
2024-04-26 16:56:46 [main] INFO o.s.b.w.e.tomcat.TomcatWebServer - Tomcat started on port 8080 (http) with context path ''
2024-04-26 16:56:46 [main] INFO c.j.w.WarehouseManagementSystemApplication - Started WarehouseManagementSystemApplication in 2.443 seconds (process running for 2.692)
2024-04-26 16:57:18 [http-nio-8080-exec-2] INFO o.a.c.c.C.[Tomcat].[localhost].[/] - Initializing Spring DispatcherServlet 'dispatcherServlet'
2024-04-26 16:57:18 [http-nio-8080-exec-2] INFO o.s.web.servlet.DispatcherServlet - Initializing Servlet 'dispatcherServlet'
2024-04-26 16:57:18 [http-nio-8080-exec-2] INFO o.s.web.servlet.DispatcherServlet - Completed initialization in 1 ms
2024-04-26 16:57:23 [http-nio-8080-exec-3] INFO c.j.w.aspect.CacheLoggingAspect - version: 1
2024-04-26 16:57:23 [http-nio-8080-exec-3] INFO c.j.w.aspect.CacheLoggingAspect - user version: 2
2024-04-26 16:57:35 [http-nio-8080-exec-5] INFO c.j.w.aspect.CacheLoggingAspect - version: 2
2024-04-26 16:57:35 [http-nio-8080-exec-5] INFO c.j.w.aspect.CacheLoggingAspect - user version: 2
2024-04-26 16:57:40 [http-nio-8080-exec-7] INFO c.j.w.aspect.CacheLoggingAspect - version: 2
2024-04-26 16:57:40 [http-nio-8080-exec-7] INFO c.j.w.aspect.CacheLoggingAspect - user version: 3
2024-04-26 16:57:51 [SpringApplicationShutdownHook] INFO com.zaxxer.hikari.HikariDataSource - HikariPool-1 - Shutdown initiated...
2024-04-26 16:57:51 [SpringApplicationShutdownHook] INFO com.zaxxer.hikari.HikariDataSource - HikariPool-1 - Shutdown completed.
