09:33:14.389 [main] INFO  c.j.w.WarehouseManagementSystemApplication - Starting WarehouseManagementSystemApplication using Java 20.0.1 with PID 18120 (/Users/silva/Desktop/WarehouseManagementSystem/target/classes started by silva in /Users/silva/Desktop/WarehouseManagementSystem)
09:33:14.390 [main] INFO  c.j.w.WarehouseManagementSystemApplication - No active profile set, falling back to 1 default profile: "default"
09:33:14.774 [main] INFO  o.s.d.r.c.RepositoryConfigurationDelegate - Multiple Spring Data modules found, entering strict repository configuration mode
09:33:14.775 [main] INFO  o.s.d.r.c.RepositoryConfigurationDelegate - Bootstrapping Spring Data Redis repositories in DEFAULT mode.
09:33:14.792 [main] INFO  o.s.d.r.c.RepositoryConfigurationExtensionSupport - Spring Data Redis - Could not safely identify store assignment for repository candidate interface com.java.warehousemanagementsystem.repository.ItemRepository; If you want this repository to be a Redis repository, consider annotating your entities with one of these annotations: org.springframework.data.redis.core.RedisHash (preferred), or consider extending one of the following types with your repository: org.springframework.data.keyvalue.repository.KeyValueRepository
09:33:14.792 [main] INFO  o.s.d.r.c.RepositoryConfigurationExtensionSupport - Spring Data Redis - Could not safely identify store assignment for repository candidate interface com.java.warehousemanagementsystem.repository.OrderItemRepository; If you want this repository to be a Redis repository, consider annotating your entities with one of these annotations: org.springframework.data.redis.core.RedisHash (preferred), or consider extending one of the following types with your repository: org.springframework.data.keyvalue.repository.KeyValueRepository
09:33:14.792 [main] INFO  o.s.d.r.c.RepositoryConfigurationExtensionSupport - Spring Data Redis - Could not safely identify store assignment for repository candidate interface com.java.warehousemanagementsystem.repository.OrdersRepository; If you want this repository to be a Redis repository, consider annotating your entities with one of these annotations: org.springframework.data.redis.core.RedisHash (preferred), or consider extending one of the following types with your repository: org.springframework.data.keyvalue.repository.KeyValueRepository
09:33:14.793 [main] INFO  o.s.d.r.c.RepositoryConfigurationExtensionSupport - Spring Data Redis - Could not safely identify store assignment for repository candidate interface com.java.warehousemanagementsystem.repository.UserRepository; If you want this repository to be a Redis repository, consider annotating your entities with one of these annotations: org.springframework.data.redis.core.RedisHash (preferred), or consider extending one of the following types with your repository: org.springframework.data.keyvalue.repository.KeyValueRepository
09:33:14.793 [main] INFO  o.s.d.r.c.RepositoryConfigurationExtensionSupport - Spring Data Redis - Could not safely identify store assignment for repository candidate interface com.java.warehousemanagementsystem.repository.WarehouseRepository; If you want this repository to be a Redis repository, consider annotating your entities with one of these annotations: org.springframework.data.redis.core.RedisHash (preferred), or consider extending one of the following types with your repository: org.springframework.data.keyvalue.repository.KeyValueRepository
09:33:14.793 [main] INFO  o.s.d.r.c.RepositoryConfigurationDelegate - Finished Spring Data repository scanning in 11 ms. Found 0 Redis repository interfaces.
09:33:14.844 [main] WARN  o.m.s.mapper.ClassPathMapperScanner - No MyBatis mapper was found in '[com.java.warehousemanagementsystem]' package. Please check your configuration.
09:33:15.163 [main] INFO  o.s.b.w.e.tomcat.TomcatWebServer - Tomcat initialized with port 8080 (http)
09:33:15.168 [main] INFO  o.a.coyote.http11.Http11NioProtocol - Initializing ProtocolHandler ["http-nio-8080"]
09:33:15.169 [main] INFO  o.a.catalina.core.StandardService - Starting service [Tomcat]
09:33:15.169 [main] INFO  o.a.catalina.core.StandardEngine - Starting Servlet engine: [Apache Tomcat/10.1.19]
09:33:15.190 [main] INFO  o.a.c.c.C.[Tomcat].[localhost].[/] - Initializing Spring embedded WebApplicationContext
09:33:15.190 [main] INFO  o.s.b.w.s.c.ServletWebServerApplicationContext - Root WebApplicationContext: initialization completed in 783 ms
09:33:15.198 [main] ERROR o.s.b.w.e.tomcat.TomcatStarter - Error starting Tomcat context. Exception: org.springframework.beans.factory.BeanCreationException. Message: Error creating bean with name 'myAuthenticationFilter': Injection of resource dependencies failed
09:33:15.210 [main] INFO  o.a.catalina.core.StandardService - Stopping service [Tomcat]
09:33:15.215 [main] WARN  o.s.b.w.s.c.AnnotationConfigServletWebServerApplicationContext - Exception encountered during context initialization - cancelling refresh attempt: org.springframework.context.ApplicationContextException: Unable to start web server
09:33:15.220 [main] INFO  o.s.b.a.l.ConditionEvaluationReportLogger - 

Error starting ApplicationContext. To display the condition evaluation report re-run your application with 'debug' enabled.
09:33:15.227 [main] ERROR o.s.b.d.LoggingFailureAnalysisReporter - 

***************************
APPLICATION FAILED TO START
***************************

Description:

A component required a bean of type 'com.java.warehousemanagementsystem.repository.UserRepository' that could not be found.


Action:

Consider defining a bean of type 'com.java.warehousemanagementsystem.repository.UserRepository' in your configuration.

09:34:47.658 [main] INFO  c.j.w.WarehouseManagementSystemApplication - Starting WarehouseManagementSystemApplication using Java 20.0.1 with PID 18139 (/Users/silva/Desktop/WarehouseManagementSystem/target/classes started by silva in /Users/silva/Desktop/WarehouseManagementSystem)
09:34:47.658 [main] INFO  c.j.w.WarehouseManagementSystemApplication - No active profile set, falling back to 1 default profile: "default"
09:34:48.033 [main] INFO  o.s.d.r.c.RepositoryConfigurationDelegate - Multiple Spring Data modules found, entering strict repository configuration mode
09:34:48.034 [main] INFO  o.s.d.r.c.RepositoryConfigurationDelegate - Bootstrapping Spring Data Redis repositories in DEFAULT mode.
09:34:48.051 [main] INFO  o.s.d.r.c.RepositoryConfigurationExtensionSupport - Spring Data Redis - Could not safely identify store assignment for repository candidate interface com.java.warehousemanagementsystem.repository.ItemRepository; If you want this repository to be a Redis repository, consider annotating your entities with one of these annotations: org.springframework.data.redis.core.RedisHash (preferred), or consider extending one of the following types with your repository: org.springframework.data.keyvalue.repository.KeyValueRepository
09:34:48.051 [main] INFO  o.s.d.r.c.RepositoryConfigurationExtensionSupport - Spring Data Redis - Could not safely identify store assignment for repository candidate interface com.java.warehousemanagementsystem.repository.OrderItemRepository; If you want this repository to be a Redis repository, consider annotating your entities with one of these annotations: org.springframework.data.redis.core.RedisHash (preferred), or consider extending one of the following types with your repository: org.springframework.data.keyvalue.repository.KeyValueRepository
09:34:48.051 [main] INFO  o.s.d.r.c.RepositoryConfigurationExtensionSupport - Spring Data Redis - Could not safely identify store assignment for repository candidate interface com.java.warehousemanagementsystem.repository.OrdersRepository; If you want this repository to be a Redis repository, consider annotating your entities with one of these annotations: org.springframework.data.redis.core.RedisHash (preferred), or consider extending one of the following types with your repository: org.springframework.data.keyvalue.repository.KeyValueRepository
09:34:48.051 [main] INFO  o.s.d.r.c.RepositoryConfigurationExtensionSupport - Spring Data Redis - Could not safely identify store assignment for repository candidate interface com.java.warehousemanagementsystem.repository.UserRepository; If you want this repository to be a Redis repository, consider annotating your entities with one of these annotations: org.springframework.data.redis.core.RedisHash (preferred), or consider extending one of the following types with your repository: org.springframework.data.keyvalue.repository.KeyValueRepository
09:34:48.052 [main] INFO  o.s.d.r.c.RepositoryConfigurationExtensionSupport - Spring Data Redis - Could not safely identify store assignment for repository candidate interface com.java.warehousemanagementsystem.repository.WarehouseRepository; If you want this repository to be a Redis repository, consider annotating your entities with one of these annotations: org.springframework.data.redis.core.RedisHash (preferred), or consider extending one of the following types with your repository: org.springframework.data.keyvalue.repository.KeyValueRepository
09:34:48.052 [main] INFO  o.s.d.r.c.RepositoryConfigurationDelegate - Finished Spring Data repository scanning in 11 ms. Found 0 Redis repository interfaces.
09:34:48.104 [main] WARN  o.m.s.mapper.ClassPathMapperScanner - No MyBatis mapper was found in '[com.java.warehousemanagementsystem]' package. Please check your configuration.
09:34:48.443 [main] INFO  o.s.b.w.e.tomcat.TomcatWebServer - Tomcat initialized with port 8080 (http)
09:34:48.450 [main] INFO  o.a.coyote.http11.Http11NioProtocol - Initializing ProtocolHandler ["http-nio-8080"]
09:34:48.451 [main] INFO  o.a.catalina.core.StandardService - Starting service [Tomcat]
09:34:48.451 [main] INFO  o.a.catalina.core.StandardEngine - Starting Servlet engine: [Apache Tomcat/10.1.19]
09:34:48.475 [main] INFO  o.a.c.c.C.[Tomcat].[localhost].[/] - Initializing Spring embedded WebApplicationContext
09:34:48.475 [main] INFO  o.s.b.w.s.c.ServletWebServerApplicationContext - Root WebApplicationContext: initialization completed in 801 ms
09:34:48.484 [main] ERROR o.s.b.w.e.tomcat.TomcatStarter - Error starting Tomcat context. Exception: org.springframework.beans.factory.BeanCreationException. Message: Error creating bean with name 'myAuthenticationFilter': Injection of resource dependencies failed
09:34:48.497 [main] INFO  o.a.catalina.core.StandardService - Stopping service [Tomcat]
09:34:48.501 [main] WARN  o.s.b.w.s.c.AnnotationConfigServletWebServerApplicationContext - Exception encountered during context initialization - cancelling refresh attempt: org.springframework.context.ApplicationContextException: Unable to start web server
09:34:48.507 [main] INFO  o.s.b.a.l.ConditionEvaluationReportLogger - 

Error starting ApplicationContext. To display the condition evaluation report re-run your application with 'debug' enabled.
09:34:48.515 [main] ERROR o.s.b.d.LoggingFailureAnalysisReporter - 

***************************
APPLICATION FAILED TO START
***************************

Description:

A component required a bean of type 'com.java.warehousemanagementsystem.repository.UserRepository' that could not be found.


Action:

Consider defining a bean of type 'com.java.warehousemanagementsystem.repository.UserRepository' in your configuration.

09:36:16.795 [main] INFO  c.j.w.WarehouseManagementSystemApplication - Starting WarehouseManagementSystemApplication using Java 20.0.1 with PID 18162 (/Users/silva/Desktop/WarehouseManagementSystem/target/classes started by silva in /Users/silva/Desktop/WarehouseManagementSystem)
09:36:16.796 [main] INFO  c.j.w.WarehouseManagementSystemApplication - No active profile set, falling back to 1 default profile: "default"
09:36:17.184 [main] INFO  o.s.d.r.c.RepositoryConfigurationDelegate - Multiple Spring Data modules found, entering strict repository configuration mode
09:36:17.185 [main] INFO  o.s.d.r.c.RepositoryConfigurationDelegate - Bootstrapping Spring Data Redis repositories in DEFAULT mode.
09:36:17.203 [main] INFO  o.s.d.r.c.RepositoryConfigurationExtensionSupport - Spring Data Redis - Could not safely identify store assignment for repository candidate interface com.java.warehousemanagementsystem.repository.ItemRepository; If you want this repository to be a Redis repository, consider annotating your entities with one of these annotations: org.springframework.data.redis.core.RedisHash (preferred), or consider extending one of the following types with your repository: org.springframework.data.keyvalue.repository.KeyValueRepository
09:36:17.203 [main] INFO  o.s.d.r.c.RepositoryConfigurationExtensionSupport - Spring Data Redis - Could not safely identify store assignment for repository candidate interface com.java.warehousemanagementsystem.repository.OrderItemRepository; If you want this repository to be a Redis repository, consider annotating your entities with one of these annotations: org.springframework.data.redis.core.RedisHash (preferred), or consider extending one of the following types with your repository: org.springframework.data.keyvalue.repository.KeyValueRepository
09:36:17.204 [main] INFO  o.s.d.r.c.RepositoryConfigurationExtensionSupport - Spring Data Redis - Could not safely identify store assignment for repository candidate interface com.java.warehousemanagementsystem.repository.OrdersRepository; If you want this repository to be a Redis repository, consider annotating your entities with one of these annotations: org.springframework.data.redis.core.RedisHash (preferred), or consider extending one of the following types with your repository: org.springframework.data.keyvalue.repository.KeyValueRepository
09:36:17.204 [main] INFO  o.s.d.r.c.RepositoryConfigurationExtensionSupport - Spring Data Redis - Could not safely identify store assignment for repository candidate interface com.java.warehousemanagementsystem.repository.UserRepository; If you want this repository to be a Redis repository, consider annotating your entities with one of these annotations: org.springframework.data.redis.core.RedisHash (preferred), or consider extending one of the following types with your repository: org.springframework.data.keyvalue.repository.KeyValueRepository
09:36:17.204 [main] INFO  o.s.d.r.c.RepositoryConfigurationExtensionSupport - Spring Data Redis - Could not safely identify store assignment for repository candidate interface com.java.warehousemanagementsystem.repository.WarehouseRepository; If you want this repository to be a Redis repository, consider annotating your entities with one of these annotations: org.springframework.data.redis.core.RedisHash (preferred), or consider extending one of the following types with your repository: org.springframework.data.keyvalue.repository.KeyValueRepository
09:36:17.204 [main] INFO  o.s.d.r.c.RepositoryConfigurationDelegate - Finished Spring Data repository scanning in 11 ms. Found 0 Redis repository interfaces.
09:36:17.255 [main] WARN  o.m.s.mapper.ClassPathMapperScanner - No MyBatis mapper was found in '[com.java.warehousemanagementsystem]' package. Please check your configuration.
09:36:17.578 [main] INFO  o.s.b.w.e.tomcat.TomcatWebServer - Tomcat initialized with port 8080 (http)
09:36:17.584 [main] INFO  o.a.coyote.http11.Http11NioProtocol - Initializing ProtocolHandler ["http-nio-8080"]
09:36:17.584 [main] INFO  o.a.catalina.core.StandardService - Starting service [Tomcat]
09:36:17.584 [main] INFO  o.a.catalina.core.StandardEngine - Starting Servlet engine: [Apache Tomcat/10.1.19]
09:36:17.607 [main] INFO  o.a.c.c.C.[Tomcat].[localhost].[/] - Initializing Spring embedded WebApplicationContext
09:36:17.607 [main] INFO  o.s.b.w.s.c.ServletWebServerApplicationContext - Root WebApplicationContext: initialization completed in 795 ms
09:36:17.615 [main] ERROR o.s.b.w.e.tomcat.TomcatStarter - Error starting Tomcat context. Exception: org.springframework.beans.factory.BeanCreationException. Message: Error creating bean with name 'myAuthenticationFilter': Injection of resource dependencies failed
09:36:17.628 [main] INFO  o.a.catalina.core.StandardService - Stopping service [Tomcat]
09:36:17.633 [main] WARN  o.s.b.w.s.c.AnnotationConfigServletWebServerApplicationContext - Exception encountered during context initialization - cancelling refresh attempt: org.springframework.context.ApplicationContextException: Unable to start web server
09:36:17.638 [main] INFO  o.s.b.a.l.ConditionEvaluationReportLogger - 

Error starting ApplicationContext. To display the condition evaluation report re-run your application with 'debug' enabled.
09:36:17.646 [main] ERROR o.s.b.d.LoggingFailureAnalysisReporter - 

***************************
APPLICATION FAILED TO START
***************************

Description:

A component required a bean of type 'com.java.warehousemanagementsystem.repository.UserRepository' that could not be found.


Action:

Consider defining a bean of type 'com.java.warehousemanagementsystem.repository.UserRepository' in your configuration.

09:36:58.760 [main] INFO  c.j.w.WarehouseManagementSystemApplication - Starting WarehouseManagementSystemApplication using Java 20.0.1 with PID 18186 (/Users/silva/Desktop/WarehouseManagementSystem/target/classes started by silva in /Users/silva/Desktop/WarehouseManagementSystem)
09:36:58.761 [main] INFO  c.j.w.WarehouseManagementSystemApplication - No active profile set, falling back to 1 default profile: "default"
09:36:59.144 [main] INFO  o.s.d.r.c.RepositoryConfigurationDelegate - Multiple Spring Data modules found, entering strict repository configuration mode
09:36:59.145 [main] INFO  o.s.d.r.c.RepositoryConfigurationDelegate - Bootstrapping Spring Data Redis repositories in DEFAULT mode.
09:36:59.165 [main] INFO  o.s.d.r.c.RepositoryConfigurationExtensionSupport - Spring Data Redis - Could not safely identify store assignment for repository candidate interface com.java.warehousemanagementsystem.repository.ItemRepository; If you want this repository to be a Redis repository, consider annotating your entities with one of these annotations: org.springframework.data.redis.core.RedisHash (preferred), or consider extending one of the following types with your repository: org.springframework.data.keyvalue.repository.KeyValueRepository
09:36:59.166 [main] INFO  o.s.d.r.c.RepositoryConfigurationExtensionSupport - Spring Data Redis - Could not safely identify store assignment for repository candidate interface com.java.warehousemanagementsystem.repository.OrderItemRepository; If you want this repository to be a Redis repository, consider annotating your entities with one of these annotations: org.springframework.data.redis.core.RedisHash (preferred), or consider extending one of the following types with your repository: org.springframework.data.keyvalue.repository.KeyValueRepository
09:36:59.166 [main] INFO  o.s.d.r.c.RepositoryConfigurationExtensionSupport - Spring Data Redis - Could not safely identify store assignment for repository candidate interface com.java.warehousemanagementsystem.repository.OrdersRepository; If you want this repository to be a Redis repository, consider annotating your entities with one of these annotations: org.springframework.data.redis.core.RedisHash (preferred), or consider extending one of the following types with your repository: org.springframework.data.keyvalue.repository.KeyValueRepository
09:36:59.166 [main] INFO  o.s.d.r.c.RepositoryConfigurationExtensionSupport - Spring Data Redis - Could not safely identify store assignment for repository candidate interface com.java.warehousemanagementsystem.repository.UserRepository; If you want this repository to be a Redis repository, consider annotating your entities with one of these annotations: org.springframework.data.redis.core.RedisHash (preferred), or consider extending one of the following types with your repository: org.springframework.data.keyvalue.repository.KeyValueRepository
09:36:59.167 [main] INFO  o.s.d.r.c.RepositoryConfigurationExtensionSupport - Spring Data Redis - Could not safely identify store assignment for repository candidate interface com.java.warehousemanagementsystem.repository.WarehouseRepository; If you want this repository to be a Redis repository, consider annotating your entities with one of these annotations: org.springframework.data.redis.core.RedisHash (preferred), or consider extending one of the following types with your repository: org.springframework.data.keyvalue.repository.KeyValueRepository
09:36:59.167 [main] INFO  o.s.d.r.c.RepositoryConfigurationDelegate - Finished Spring Data repository scanning in 14 ms. Found 0 Redis repository interfaces.
09:36:59.548 [main] INFO  o.s.b.w.e.tomcat.TomcatWebServer - Tomcat initialized with port 8080 (http)
09:36:59.554 [main] INFO  o.a.coyote.http11.Http11NioProtocol - Initializing ProtocolHandler ["http-nio-8080"]
09:36:59.555 [main] INFO  o.a.catalina.core.StandardService - Starting service [Tomcat]
09:36:59.555 [main] INFO  o.a.catalina.core.StandardEngine - Starting Servlet engine: [Apache Tomcat/10.1.19]
09:36:59.581 [main] INFO  o.a.c.c.C.[Tomcat].[localhost].[/] - Initializing Spring embedded WebApplicationContext
09:36:59.582 [main] INFO  o.s.b.w.s.c.ServletWebServerApplicationContext - Root WebApplicationContext: initialization completed in 805 ms
09:36:59.590 [main] ERROR o.s.b.w.e.tomcat.TomcatStarter - Error starting Tomcat context. Exception: org.springframework.beans.factory.BeanCreationException. Message: Error creating bean with name 'myAuthenticationFilter': Injection of resource dependencies failed
09:36:59.603 [main] INFO  o.a.catalina.core.StandardService - Stopping service [Tomcat]
09:36:59.608 [main] WARN  o.s.b.w.s.c.AnnotationConfigServletWebServerApplicationContext - Exception encountered during context initialization - cancelling refresh attempt: org.springframework.context.ApplicationContextException: Unable to start web server
09:36:59.614 [main] INFO  o.s.b.a.l.ConditionEvaluationReportLogger - 

Error starting ApplicationContext. To display the condition evaluation report re-run your application with 'debug' enabled.
09:36:59.622 [main] ERROR o.s.b.d.LoggingFailureAnalysisReporter - 

***************************
APPLICATION FAILED TO START
***************************

Description:

A component required a bean of type 'com.java.warehousemanagementsystem.repository.UserRepository' that could not be found.


Action:

Consider defining a bean of type 'com.java.warehousemanagementsystem.repository.UserRepository' in your configuration.

09:37:35.715 [main] INFO  c.j.w.WarehouseManagementSystemApplication - Starting WarehouseManagementSystemApplication using Java 20.0.1 with PID 18204 (/Users/silva/Desktop/WarehouseManagementSystem/target/classes started by silva in /Users/silva/Desktop/WarehouseManagementSystem)
09:37:35.716 [main] INFO  c.j.w.WarehouseManagementSystemApplication - No active profile set, falling back to 1 default profile: "default"
09:37:36.094 [main] INFO  o.s.d.r.c.RepositoryConfigurationDelegate - Multiple Spring Data modules found, entering strict repository configuration mode
09:37:36.094 [main] INFO  o.s.d.r.c.RepositoryConfigurationDelegate - Bootstrapping Spring Data R2DBC repositories in DEFAULT mode.
09:37:36.108 [main] INFO  o.s.d.r.c.RepositoryConfigurationExtensionSupport - Spring Data R2DBC - Could not safely identify store assignment for repository candidate interface com.java.warehousemanagementsystem.repository.ItemRepository; If you want this repository to be a R2DBC repository, consider annotating your entities with one of these annotations: org.springframework.data.relational.core.mapping.Table (preferred), or consider extending one of the following types with your repository: org.springframework.data.r2dbc.repository.R2dbcRepository
09:37:36.108 [main] INFO  o.s.d.r.c.RepositoryConfigurationExtensionSupport - Spring Data R2DBC - Could not safely identify store assignment for repository candidate interface com.java.warehousemanagementsystem.repository.OrderItemRepository; If you want this repository to be a R2DBC repository, consider annotating your entities with one of these annotations: org.springframework.data.relational.core.mapping.Table (preferred), or consider extending one of the following types with your repository: org.springframework.data.r2dbc.repository.R2dbcRepository
09:37:36.108 [main] INFO  o.s.d.r.c.RepositoryConfigurationExtensionSupport - Spring Data R2DBC - Could not safely identify store assignment for repository candidate interface com.java.warehousemanagementsystem.repository.OrdersRepository; If you want this repository to be a R2DBC repository, consider annotating your entities with one of these annotations: org.springframework.data.relational.core.mapping.Table (preferred), or consider extending one of the following types with your repository: org.springframework.data.r2dbc.repository.R2dbcRepository
09:37:36.109 [main] INFO  o.s.d.r.c.RepositoryConfigurationExtensionSupport - Spring Data R2DBC - Could not safely identify store assignment for repository candidate interface com.java.warehousemanagementsystem.repository.UserRepository; If you want this repository to be a R2DBC repository, consider annotating your entities with one of these annotations: org.springframework.data.relational.core.mapping.Table (preferred), or consider extending one of the following types with your repository: org.springframework.data.r2dbc.repository.R2dbcRepository
09:37:36.109 [main] INFO  o.s.d.r.c.RepositoryConfigurationExtensionSupport - Spring Data R2DBC - Could not safely identify store assignment for repository candidate interface com.java.warehousemanagementsystem.repository.WarehouseRepository; If you want this repository to be a R2DBC repository, consider annotating your entities with one of these annotations: org.springframework.data.relational.core.mapping.Table (preferred), or consider extending one of the following types with your repository: org.springframework.data.r2dbc.repository.R2dbcRepository
09:37:36.109 [main] INFO  o.s.d.r.c.RepositoryConfigurationDelegate - Finished Spring Data repository scanning in 12 ms. Found 0 R2DBC repository interfaces.
09:37:36.116 [main] INFO  o.s.d.r.c.RepositoryConfigurationDelegate - Multiple Spring Data modules found, entering strict repository configuration mode
09:37:36.117 [main] INFO  o.s.d.r.c.RepositoryConfigurationDelegate - Bootstrapping Spring Data Redis repositories in DEFAULT mode.
09:37:36.123 [main] INFO  o.s.d.r.c.RepositoryConfigurationExtensionSupport - Spring Data Redis - Could not safely identify store assignment for repository candidate interface com.java.warehousemanagementsystem.repository.ItemRepository; If you want this repository to be a Redis repository, consider annotating your entities with one of these annotations: org.springframework.data.redis.core.RedisHash (preferred), or consider extending one of the following types with your repository: org.springframework.data.keyvalue.repository.KeyValueRepository
09:37:36.123 [main] INFO  o.s.d.r.c.RepositoryConfigurationExtensionSupport - Spring Data Redis - Could not safely identify store assignment for repository candidate interface com.java.warehousemanagementsystem.repository.OrderItemRepository; If you want this repository to be a Redis repository, consider annotating your entities with one of these annotations: org.springframework.data.redis.core.RedisHash (preferred), or consider extending one of the following types with your repository: org.springframework.data.keyvalue.repository.KeyValueRepository
09:37:36.123 [main] INFO  o.s.d.r.c.RepositoryConfigurationExtensionSupport - Spring Data Redis - Could not safely identify store assignment for repository candidate interface com.java.warehousemanagementsystem.repository.OrdersRepository; If you want this repository to be a Redis repository, consider annotating your entities with one of these annotations: org.springframework.data.redis.core.RedisHash (preferred), or consider extending one of the following types with your repository: org.springframework.data.keyvalue.repository.KeyValueRepository
09:37:36.123 [main] INFO  o.s.d.r.c.RepositoryConfigurationExtensionSupport - Spring Data Redis - Could not safely identify store assignment for repository candidate interface com.java.warehousemanagementsystem.repository.UserRepository; If you want this repository to be a Redis repository, consider annotating your entities with one of these annotations: org.springframework.data.redis.core.RedisHash (preferred), or consider extending one of the following types with your repository: org.springframework.data.keyvalue.repository.KeyValueRepository
09:37:36.124 [main] INFO  o.s.d.r.c.RepositoryConfigurationExtensionSupport - Spring Data Redis - Could not safely identify store assignment for repository candidate interface com.java.warehousemanagementsystem.repository.WarehouseRepository; If you want this repository to be a Redis repository, consider annotating your entities with one of these annotations: org.springframework.data.redis.core.RedisHash (preferred), or consider extending one of the following types with your repository: org.springframework.data.keyvalue.repository.KeyValueRepository
09:37:36.124 [main] INFO  o.s.d.r.c.RepositoryConfigurationDelegate - Finished Spring Data repository scanning in 3 ms. Found 0 Redis repository interfaces.
09:37:36.504 [main] INFO  o.s.b.w.e.tomcat.TomcatWebServer - Tomcat initialized with port 8080 (http)
09:37:36.509 [main] INFO  o.a.coyote.http11.Http11NioProtocol - Initializing ProtocolHandler ["http-nio-8080"]
09:37:36.510 [main] INFO  o.a.catalina.core.StandardService - Starting service [Tomcat]
09:37:36.510 [main] INFO  o.a.catalina.core.StandardEngine - Starting Servlet engine: [Apache Tomcat/10.1.19]
09:37:36.535 [main] INFO  o.a.c.c.C.[Tomcat].[localhost].[/] - Initializing Spring embedded WebApplicationContext
09:37:36.535 [main] INFO  o.s.b.w.s.c.ServletWebServerApplicationContext - Root WebApplicationContext: initialization completed in 803 ms
09:37:36.543 [main] ERROR o.s.b.w.e.tomcat.TomcatStarter - Error starting Tomcat context. Exception: org.springframework.beans.factory.BeanCreationException. Message: Error creating bean with name 'myAuthenticationFilter': Injection of resource dependencies failed
09:37:36.558 [main] INFO  o.a.catalina.core.StandardService - Stopping service [Tomcat]
09:37:36.563 [main] WARN  o.s.b.w.s.c.AnnotationConfigServletWebServerApplicationContext - Exception encountered during context initialization - cancelling refresh attempt: org.springframework.context.ApplicationContextException: Unable to start web server
09:37:36.568 [main] INFO  o.s.b.a.l.ConditionEvaluationReportLogger - 

Error starting ApplicationContext. To display the condition evaluation report re-run your application with 'debug' enabled.
09:37:36.575 [main] ERROR o.s.b.d.LoggingFailureAnalysisReporter - 

***************************
APPLICATION FAILED TO START
***************************

Description:

A component required a bean of type 'com.java.warehousemanagementsystem.repository.UserRepository' that could not be found.


Action:

Consider defining a bean of type 'com.java.warehousemanagementsystem.repository.UserRepository' in your configuration.

09:40:20.165 [main] INFO  c.j.w.WarehouseManagementSystemApplication - Starting WarehouseManagementSystemApplication using Java 20.0.1 with PID 18240 (/Users/silva/Desktop/WarehouseManagementSystem/target/classes started by silva in /Users/silva/Desktop/WarehouseManagementSystem)
09:40:20.166 [main] INFO  c.j.w.WarehouseManagementSystemApplication - No active profile set, falling back to 1 default profile: "default"
09:40:20.440 [main] INFO  o.s.d.r.c.RepositoryConfigurationDelegate - Multiple Spring Data modules found, entering strict repository configuration mode
09:40:20.440 [main] INFO  o.s.d.r.c.RepositoryConfigurationDelegate - Bootstrapping Spring Data R2DBC repositories in DEFAULT mode.
09:40:20.448 [main] INFO  o.s.d.r.c.RepositoryConfigurationExtensionSupport - Spring Data R2DBC - Could not safely identify store assignment for repository candidate interface com.java.warehousemanagementsystem.repository.ItemRepository; If you want this repository to be a R2DBC repository, consider annotating your entities with one of these annotations: org.springframework.data.relational.core.mapping.Table (preferred), or consider extending one of the following types with your repository: org.springframework.data.r2dbc.repository.R2dbcRepository
09:40:20.449 [main] INFO  o.s.d.r.c.RepositoryConfigurationExtensionSupport - Spring Data R2DBC - Could not safely identify store assignment for repository candidate interface com.java.warehousemanagementsystem.repository.OrderItemRepository; If you want this repository to be a R2DBC repository, consider annotating your entities with one of these annotations: org.springframework.data.relational.core.mapping.Table (preferred), or consider extending one of the following types with your repository: org.springframework.data.r2dbc.repository.R2dbcRepository
09:40:20.449 [main] INFO  o.s.d.r.c.RepositoryConfigurationExtensionSupport - Spring Data R2DBC - Could not safely identify store assignment for repository candidate interface com.java.warehousemanagementsystem.repository.OrdersRepository; If you want this repository to be a R2DBC repository, consider annotating your entities with one of these annotations: org.springframework.data.relational.core.mapping.Table (preferred), or consider extending one of the following types with your repository: org.springframework.data.r2dbc.repository.R2dbcRepository
09:40:20.449 [main] INFO  o.s.d.r.c.RepositoryConfigurationExtensionSupport - Spring Data R2DBC - Could not safely identify store assignment for repository candidate interface com.java.warehousemanagementsystem.repository.UserRepository; If you want this repository to be a R2DBC repository, consider annotating your entities with one of these annotations: org.springframework.data.relational.core.mapping.Table (preferred), or consider extending one of the following types with your repository: org.springframework.data.r2dbc.repository.R2dbcRepository
09:40:20.449 [main] INFO  o.s.d.r.c.RepositoryConfigurationExtensionSupport - Spring Data R2DBC - Could not safely identify store assignment for repository candidate interface com.java.warehousemanagementsystem.repository.WarehouseRepository; If you want this repository to be a R2DBC repository, consider annotating your entities with one of these annotations: org.springframework.data.relational.core.mapping.Table (preferred), or consider extending one of the following types with your repository: org.springframework.data.r2dbc.repository.R2dbcRepository
09:40:20.449 [main] INFO  o.s.d.r.c.RepositoryConfigurationDelegate - Finished Spring Data repository scanning in 7 ms. Found 0 R2DBC repository interfaces.
09:40:20.561 [main] INFO  o.s.d.r.c.RepositoryConfigurationDelegate - Multiple Spring Data modules found, entering strict repository configuration mode
09:40:20.561 [main] INFO  o.s.d.r.c.RepositoryConfigurationDelegate - Bootstrapping Spring Data R2DBC repositories in DEFAULT mode.
09:40:20.568 [main] INFO  o.s.d.r.c.RepositoryConfigurationExtensionSupport - Spring Data R2DBC - Could not safely identify store assignment for repository candidate interface com.java.warehousemanagementsystem.repository.ItemRepository; If you want this repository to be a R2DBC repository, consider annotating your entities with one of these annotations: org.springframework.data.relational.core.mapping.Table (preferred), or consider extending one of the following types with your repository: org.springframework.data.r2dbc.repository.R2dbcRepository
09:40:20.568 [main] INFO  o.s.d.r.c.RepositoryConfigurationExtensionSupport - Spring Data R2DBC - Could not safely identify store assignment for repository candidate interface com.java.warehousemanagementsystem.repository.OrderItemRepository; If you want this repository to be a R2DBC repository, consider annotating your entities with one of these annotations: org.springframework.data.relational.core.mapping.Table (preferred), or consider extending one of the following types with your repository: org.springframework.data.r2dbc.repository.R2dbcRepository
09:40:20.568 [main] INFO  o.s.d.r.c.RepositoryConfigurationExtensionSupport - Spring Data R2DBC - Could not safely identify store assignment for repository candidate interface com.java.warehousemanagementsystem.repository.OrdersRepository; If you want this repository to be a R2DBC repository, consider annotating your entities with one of these annotations: org.springframework.data.relational.core.mapping.Table (preferred), or consider extending one of the following types with your repository: org.springframework.data.r2dbc.repository.R2dbcRepository
09:40:20.568 [main] INFO  o.s.d.r.c.RepositoryConfigurationExtensionSupport - Spring Data R2DBC - Could not safely identify store assignment for repository candidate interface com.java.warehousemanagementsystem.repository.UserRepository; If you want this repository to be a R2DBC repository, consider annotating your entities with one of these annotations: org.springframework.data.relational.core.mapping.Table (preferred), or consider extending one of the following types with your repository: org.springframework.data.r2dbc.repository.R2dbcRepository
09:40:20.568 [main] INFO  o.s.d.r.c.RepositoryConfigurationExtensionSupport - Spring Data R2DBC - Could not safely identify store assignment for repository candidate interface com.java.warehousemanagementsystem.repository.WarehouseRepository; If you want this repository to be a R2DBC repository, consider annotating your entities with one of these annotations: org.springframework.data.relational.core.mapping.Table (preferred), or consider extending one of the following types with your repository: org.springframework.data.r2dbc.repository.R2dbcRepository
09:40:20.568 [main] INFO  o.s.d.r.c.RepositoryConfigurationDelegate - Finished Spring Data repository scanning in 6 ms. Found 0 R2DBC repository interfaces.
09:40:20.575 [main] INFO  o.s.d.r.c.RepositoryConfigurationDelegate - Multiple Spring Data modules found, entering strict repository configuration mode
09:40:20.575 [main] INFO  o.s.d.r.c.RepositoryConfigurationDelegate - Bootstrapping Spring Data Redis repositories in DEFAULT mode.
09:40:20.581 [main] INFO  o.s.d.r.c.RepositoryConfigurationExtensionSupport - Spring Data Redis - Could not safely identify store assignment for repository candidate interface com.java.warehousemanagementsystem.repository.ItemRepository; If you want this repository to be a Redis repository, consider annotating your entities with one of these annotations: org.springframework.data.redis.core.RedisHash (preferred), or consider extending one of the following types with your repository: org.springframework.data.keyvalue.repository.KeyValueRepository
09:40:20.582 [main] INFO  o.s.d.r.c.RepositoryConfigurationExtensionSupport - Spring Data Redis - Could not safely identify store assignment for repository candidate interface com.java.warehousemanagementsystem.repository.OrderItemRepository; If you want this repository to be a Redis repository, consider annotating your entities with one of these annotations: org.springframework.data.redis.core.RedisHash (preferred), or consider extending one of the following types with your repository: org.springframework.data.keyvalue.repository.KeyValueRepository
09:40:20.582 [main] INFO  o.s.d.r.c.RepositoryConfigurationExtensionSupport - Spring Data Redis - Could not safely identify store assignment for repository candidate interface com.java.warehousemanagementsystem.repository.OrdersRepository; If you want this repository to be a Redis repository, consider annotating your entities with one of these annotations: org.springframework.data.redis.core.RedisHash (preferred), or consider extending one of the following types with your repository: org.springframework.data.keyvalue.repository.KeyValueRepository
09:40:20.582 [main] INFO  o.s.d.r.c.RepositoryConfigurationExtensionSupport - Spring Data Redis - Could not safely identify store assignment for repository candidate interface com.java.warehousemanagementsystem.repository.UserRepository; If you want this repository to be a Redis repository, consider annotating your entities with one of these annotations: org.springframework.data.redis.core.RedisHash (preferred), or consider extending one of the following types with your repository: org.springframework.data.keyvalue.repository.KeyValueRepository
09:40:20.582 [main] INFO  o.s.d.r.c.RepositoryConfigurationExtensionSupport - Spring Data Redis - Could not safely identify store assignment for repository candidate interface com.java.warehousemanagementsystem.repository.WarehouseRepository; If you want this repository to be a Redis repository, consider annotating your entities with one of these annotations: org.springframework.data.redis.core.RedisHash (preferred), or consider extending one of the following types with your repository: org.springframework.data.keyvalue.repository.KeyValueRepository
09:40:20.582 [main] INFO  o.s.d.r.c.RepositoryConfigurationDelegate - Finished Spring Data repository scanning in 2 ms. Found 0 Redis repository interfaces.
09:40:20.959 [main] INFO  o.s.b.w.e.tomcat.TomcatWebServer - Tomcat initialized with port 8080 (http)
09:40:20.965 [main] INFO  o.a.coyote.http11.Http11NioProtocol - Initializing ProtocolHandler ["http-nio-8080"]
09:40:20.966 [main] INFO  o.a.catalina.core.StandardService - Starting service [Tomcat]
09:40:20.966 [main] INFO  o.a.catalina.core.StandardEngine - Starting Servlet engine: [Apache Tomcat/10.1.19]
09:40:20.993 [main] INFO  o.a.c.c.C.[Tomcat].[localhost].[/] - Initializing Spring embedded WebApplicationContext
09:40:20.993 [main] INFO  o.s.b.w.s.c.ServletWebServerApplicationContext - Root WebApplicationContext: initialization completed in 804 ms
09:40:21.004 [main] ERROR o.s.b.w.e.tomcat.TomcatStarter - Error starting Tomcat context. Exception: org.springframework.beans.factory.BeanCreationException. Message: Error creating bean with name 'myAuthenticationFilter': Injection of resource dependencies failed
09:40:21.019 [main] INFO  o.a.catalina.core.StandardService - Stopping service [Tomcat]
09:40:21.025 [main] WARN  o.s.b.w.s.c.AnnotationConfigServletWebServerApplicationContext - Exception encountered during context initialization - cancelling refresh attempt: org.springframework.context.ApplicationContextException: Unable to start web server
09:40:21.031 [main] INFO  o.s.b.a.l.ConditionEvaluationReportLogger - 

Error starting ApplicationContext. To display the condition evaluation report re-run your application with 'debug' enabled.
09:40:21.039 [main] ERROR o.s.b.d.LoggingFailureAnalysisReporter - 

***************************
APPLICATION FAILED TO START
***************************

Description:

A component required a bean of type 'com.java.warehousemanagementsystem.repository.UserRepository' that could not be found.


Action:

Consider defining a bean of type 'com.java.warehousemanagementsystem.repository.UserRepository' in your configuration.

09:43:03.792 [main] INFO  c.j.w.WarehouseManagementSystemApplication - Starting WarehouseManagementSystemApplication using Java 20.0.1 with PID 18287 (/Users/silva/Desktop/WarehouseManagementSystem/target/classes started by silva in /Users/silva/Desktop/WarehouseManagementSystem)
09:43:03.793 [main] INFO  c.j.w.WarehouseManagementSystemApplication - No active profile set, falling back to 1 default profile: "default"
09:43:04.031 [main] INFO  o.s.d.r.c.RepositoryConfigurationDelegate - Multiple Spring Data modules found, entering strict repository configuration mode
09:43:04.031 [main] INFO  o.s.d.r.c.RepositoryConfigurationDelegate - Bootstrapping Spring Data R2DBC repositories in DEFAULT mode.
09:43:04.039 [main] INFO  o.s.d.r.c.RepositoryConfigurationExtensionSupport - Spring Data R2DBC - Could not safely identify store assignment for repository candidate interface com.java.warehousemanagementsystem.repository.ItemRepository; If you want this repository to be a R2DBC repository, consider annotating your entities with one of these annotations: org.springframework.data.relational.core.mapping.Table (preferred), or consider extending one of the following types with your repository: org.springframework.data.r2dbc.repository.R2dbcRepository
09:43:04.040 [main] INFO  o.s.d.r.c.RepositoryConfigurationExtensionSupport - Spring Data R2DBC - Could not safely identify store assignment for repository candidate interface com.java.warehousemanagementsystem.repository.OrderItemRepository; If you want this repository to be a R2DBC repository, consider annotating your entities with one of these annotations: org.springframework.data.relational.core.mapping.Table (preferred), or consider extending one of the following types with your repository: org.springframework.data.r2dbc.repository.R2dbcRepository
09:43:04.040 [main] INFO  o.s.d.r.c.RepositoryConfigurationExtensionSupport - Spring Data R2DBC - Could not safely identify store assignment for repository candidate interface com.java.warehousemanagementsystem.repository.OrdersRepository; If you want this repository to be a R2DBC repository, consider annotating your entities with one of these annotations: org.springframework.data.relational.core.mapping.Table (preferred), or consider extending one of the following types with your repository: org.springframework.data.r2dbc.repository.R2dbcRepository
09:43:04.041 [main] INFO  o.s.d.r.c.RepositoryConfigurationExtensionSupport - Spring Data R2DBC - Could not safely identify store assignment for repository candidate interface com.java.warehousemanagementsystem.repository.UserRepository; If you want this repository to be a R2DBC repository, consider annotating your entities with one of these annotations: org.springframework.data.relational.core.mapping.Table (preferred), or consider extending one of the following types with your repository: org.springframework.data.r2dbc.repository.R2dbcRepository
09:43:04.041 [main] INFO  o.s.d.r.c.RepositoryConfigurationExtensionSupport - Spring Data R2DBC - Could not safely identify store assignment for repository candidate interface com.java.warehousemanagementsystem.repository.WarehouseRepository; If you want this repository to be a R2DBC repository, consider annotating your entities with one of these annotations: org.springframework.data.relational.core.mapping.Table (preferred), or consider extending one of the following types with your repository: org.springframework.data.r2dbc.repository.R2dbcRepository
09:43:04.041 [main] INFO  o.s.d.r.c.RepositoryConfigurationDelegate - Finished Spring Data repository scanning in 8 ms. Found 0 R2DBC repository interfaces.
09:43:04.139 [main] INFO  o.s.d.r.c.RepositoryConfigurationDelegate - Multiple Spring Data modules found, entering strict repository configuration mode
09:43:04.139 [main] INFO  o.s.d.r.c.RepositoryConfigurationDelegate - Bootstrapping Spring Data R2DBC repositories in DEFAULT mode.
09:43:04.166 [main] INFO  o.s.d.r.c.RepositoryConfigurationExtensionSupport - Spring Data R2DBC - Could not safely identify store assignment for repository candidate interface com.java.warehousemanagementsystem.repository.ItemRepository; If you want this repository to be a R2DBC repository, consider annotating your entities with one of these annotations: org.springframework.data.relational.core.mapping.Table (preferred), or consider extending one of the following types with your repository: org.springframework.data.r2dbc.repository.R2dbcRepository
09:43:04.166 [main] INFO  o.s.d.r.c.RepositoryConfigurationExtensionSupport - Spring Data R2DBC - Could not safely identify store assignment for repository candidate interface com.java.warehousemanagementsystem.repository.OrderItemRepository; If you want this repository to be a R2DBC repository, consider annotating your entities with one of these annotations: org.springframework.data.relational.core.mapping.Table (preferred), or consider extending one of the following types with your repository: org.springframework.data.r2dbc.repository.R2dbcRepository
09:43:04.166 [main] INFO  o.s.d.r.c.RepositoryConfigurationExtensionSupport - Spring Data R2DBC - Could not safely identify store assignment for repository candidate interface com.java.warehousemanagementsystem.repository.OrdersRepository; If you want this repository to be a R2DBC repository, consider annotating your entities with one of these annotations: org.springframework.data.relational.core.mapping.Table (preferred), or consider extending one of the following types with your repository: org.springframework.data.r2dbc.repository.R2dbcRepository
09:43:04.166 [main] INFO  o.s.d.r.c.RepositoryConfigurationExtensionSupport - Spring Data R2DBC - Could not safely identify store assignment for repository candidate interface com.java.warehousemanagementsystem.repository.UserRepository; If you want this repository to be a R2DBC repository, consider annotating your entities with one of these annotations: org.springframework.data.relational.core.mapping.Table (preferred), or consider extending one of the following types with your repository: org.springframework.data.r2dbc.repository.R2dbcRepository
09:43:04.166 [main] INFO  o.s.d.r.c.RepositoryConfigurationExtensionSupport - Spring Data R2DBC - Could not safely identify store assignment for repository candidate interface com.java.warehousemanagementsystem.repository.WarehouseRepository; If you want this repository to be a R2DBC repository, consider annotating your entities with one of these annotations: org.springframework.data.relational.core.mapping.Table (preferred), or consider extending one of the following types with your repository: org.springframework.data.r2dbc.repository.R2dbcRepository
09:43:04.166 [main] INFO  o.s.d.r.c.RepositoryConfigurationDelegate - Finished Spring Data repository scanning in 26 ms. Found 0 R2DBC repository interfaces.
09:43:04.172 [main] INFO  o.s.d.r.c.RepositoryConfigurationDelegate - Multiple Spring Data modules found, entering strict repository configuration mode
09:43:04.173 [main] INFO  o.s.d.r.c.RepositoryConfigurationDelegate - Bootstrapping Spring Data Redis repositories in DEFAULT mode.
09:43:04.179 [main] INFO  o.s.d.r.c.RepositoryConfigurationExtensionSupport - Spring Data Redis - Could not safely identify store assignment for repository candidate interface com.java.warehousemanagementsystem.repository.ItemRepository; If you want this repository to be a Redis repository, consider annotating your entities with one of these annotations: org.springframework.data.redis.core.RedisHash (preferred), or consider extending one of the following types with your repository: org.springframework.data.keyvalue.repository.KeyValueRepository
09:43:04.179 [main] INFO  o.s.d.r.c.RepositoryConfigurationExtensionSupport - Spring Data Redis - Could not safely identify store assignment for repository candidate interface com.java.warehousemanagementsystem.repository.OrderItemRepository; If you want this repository to be a Redis repository, consider annotating your entities with one of these annotations: org.springframework.data.redis.core.RedisHash (preferred), or consider extending one of the following types with your repository: org.springframework.data.keyvalue.repository.KeyValueRepository
09:43:04.179 [main] INFO  o.s.d.r.c.RepositoryConfigurationExtensionSupport - Spring Data Redis - Could not safely identify store assignment for repository candidate interface com.java.warehousemanagementsystem.repository.OrdersRepository; If you want this repository to be a Redis repository, consider annotating your entities with one of these annotations: org.springframework.data.redis.core.RedisHash (preferred), or consider extending one of the following types with your repository: org.springframework.data.keyvalue.repository.KeyValueRepository
09:43:04.179 [main] INFO  o.s.d.r.c.RepositoryConfigurationExtensionSupport - Spring Data Redis - Could not safely identify store assignment for repository candidate interface com.java.warehousemanagementsystem.repository.UserRepository; If you want this repository to be a Redis repository, consider annotating your entities with one of these annotations: org.springframework.data.redis.core.RedisHash (preferred), or consider extending one of the following types with your repository: org.springframework.data.keyvalue.repository.KeyValueRepository
09:43:04.179 [main] INFO  o.s.d.r.c.RepositoryConfigurationExtensionSupport - Spring Data Redis - Could not safely identify store assignment for repository candidate interface com.java.warehousemanagementsystem.repository.WarehouseRepository; If you want this repository to be a Redis repository, consider annotating your entities with one of these annotations: org.springframework.data.redis.core.RedisHash (preferred), or consider extending one of the following types with your repository: org.springframework.data.keyvalue.repository.KeyValueRepository
09:43:04.180 [main] INFO  o.s.d.r.c.RepositoryConfigurationDelegate - Finished Spring Data repository scanning in 3 ms. Found 0 Redis repository interfaces.
09:43:04.441 [main] INFO  o.s.b.w.e.tomcat.TomcatWebServer - Tomcat initialized with port 8080 (http)
09:43:04.446 [main] INFO  o.a.coyote.http11.Http11NioProtocol - Initializing ProtocolHandler ["http-nio-8080"]
09:43:04.447 [main] INFO  o.a.catalina.core.StandardService - Starting service [Tomcat]
09:43:04.447 [main] INFO  o.a.catalina.core.StandardEngine - Starting Servlet engine: [Apache Tomcat/10.1.19]
09:43:04.472 [main] INFO  o.a.c.c.C.[Tomcat].[localhost].[/] - Initializing Spring embedded WebApplicationContext
09:43:04.473 [main] INFO  o.s.b.w.s.c.ServletWebServerApplicationContext - Root WebApplicationContext: initialization completed in 657 ms
09:43:04.957 [main] ERROR i.n.r.d.DnsServerAddressStreamProviders - Unable to load io.netty.resolver.dns.macos.MacOSDnsServerAddressStreamProvider, fallback to system defaults. This may result in incorrect DNS resolutions on MacOS. Check whether you have a dependency on 'io.netty:netty-resolver-dns-native-macos'. Use DEBUG level to see the full stack: java.lang.UnsatisfiedLinkError: failed to load the required native library
09:43:05.154 [main] WARN  o.s.b.a.s.s.UserDetailsServiceAutoConfiguration - 

Using generated security password: cfa9cb16-1345-418c-934f-7051795d49f6

This generated password is for development use only. Your security configuration must be updated before running your application in production.

09:43:05.203 [main] INFO  o.s.s.web.DefaultSecurityFilterChain - Will secure any request with [org.springframework.security.web.session.DisableEncodeUrlFilter@341964d0, org.springframework.security.web.context.request.async.WebAsyncManagerIntegrationFilter@51b59d58, org.springframework.security.web.context.SecurityContextHolderFilter@78b8f818, org.springframework.security.web.header.HeaderWriterFilter@146db8a6, org.springframework.web.filter.CorsFilter@4ca4f762, org.springframework.security.web.csrf.CsrfFilter@2ae5580, org.springframework.security.web.authentication.logout.LogoutFilter@62c46e53, org.springframework.security.web.authentication.UsernamePasswordAuthenticationFilter@72646d16, org.springframework.security.web.authentication.ui.DefaultLoginPageGeneratingFilter@3fc5d397, org.springframework.security.web.authentication.ui.DefaultLogoutPageGeneratingFilter@7c5d36c3, org.springframework.security.web.authentication.www.BasicAuthenticationFilter@33ccead, org.springframework.security.web.savedrequest.RequestCacheAwareFilter@2d3111a1, org.springframework.security.web.servletapi.SecurityContextHolderAwareRequestFilter@6f2864c3, org.springframework.security.web.authentication.AnonymousAuthenticationFilter@31de27c, org.springframework.security.web.access.ExceptionTranslationFilter@323b0632, org.springframework.security.web.access.intercept.AuthorizationFilter@3ac406d4]
09:43:05.227 [main] INFO  o.a.coyote.http11.Http11NioProtocol - Starting ProtocolHandler ["http-nio-8080"]
09:43:05.233 [main] INFO  o.s.b.w.e.tomcat.TomcatWebServer - Tomcat started on port 8080 (http) with context path ''
09:43:05.238 [main] INFO  c.j.w.WarehouseManagementSystemApplication - Started WarehouseManagementSystemApplication in 1.61 seconds (process running for 1.965)
09:43:36.925 [http-nio-8080-exec-2] INFO  o.a.c.c.C.[Tomcat].[localhost].[/] - Initializing Spring DispatcherServlet 'dispatcherServlet'
09:43:36.926 [http-nio-8080-exec-2] INFO  o.s.web.servlet.DispatcherServlet - Initializing Servlet 'dispatcherServlet'
09:43:36.927 [http-nio-8080-exec-2] INFO  o.s.web.servlet.DispatcherServlet - Completed initialization in 1 ms
